[2m2021-11-24 10:06:11.519[0;39m [32m INFO[0;39m [35m13564[0;39m [2m---[0;39m [2m[  restartedMain][0;39m [36m.e.DevToolsPropertyDefaultsPostProcessor[0;39m [2m:[0;39m Devtools property defaults active! Set 'spring.devtools.add-properties' to 'false' to disable
[2m2021-11-24 10:06:11.525[0;39m [32m INFO[0;39m [35m13564[0;39m [2m---[0;39m [2m[  restartedMain][0;39m [36m.e.DevToolsPropertyDefaultsPostProcessor[0;39m [2m:[0;39m For additional web related logging consider setting the 'logging.level.web' property to 'DEBUG'
[2m2021-11-24 10:06:13.308[0;39m [32m INFO[0;39m [35m13564[0;39m [2m---[0;39m [2m[  restartedMain][0;39m [36mo.s.b.w.embedded.tomcat.TomcatWebServer [0;39m [2m:[0;39m Tomcat initialized with port(s): 9999 (http)
[2m2021-11-24 10:06:13.488[0;39m [32m INFO[0;39m [35m13564[0;39m [2m---[0;39m [2m[  restartedMain][0;39m [36mw.s.c.ServletWebServerApplicationContext[0;39m [2m:[0;39m Root WebApplicationContext: initialization completed in 1962 ms
[2m2021-11-24 10:06:14.390[0;39m [32m INFO[0;39m [35m13564[0;39m [2m---[0;39m [2m[  restartedMain][0;39m [36mo.s.b.d.a.OptionalLiveReloadServer      [0;39m [2m:[0;39m LiveReload server is running on port 35729
[2m2021-11-24 10:06:14.651[0;39m [32m INFO[0;39m [35m13564[0;39m [2m---[0;39m [2m[  restartedMain][0;39m [36mo.s.b.w.embedded.tomcat.TomcatWebServer [0;39m [2m:[0;39m Tomcat started on port(s): 9999 (http) with context path '/vue'
[2m2021-11-24 10:06:27.667[0;39m [32m INFO[0;39m [35m13564[0;39m [2m---[0;39m [2m[nio-9999-exec-1][0;39m [36mo.s.web.servlet.DispatcherServlet       [0;39m [2m:[0;39m Initializing Servlet 'dispatcherServlet'
[2m2021-11-24 10:06:27.669[0;39m [32m INFO[0;39m [35m13564[0;39m [2m---[0;39m [2m[nio-9999-exec-1][0;39m [36mo.s.web.servlet.DispatcherServlet       [0;39m [2m:[0;39m Completed initialization in 1 ms
[2m2021-11-24 10:06:27.731[0;39m [32m INFO[0;39m [35m13564[0;39m [2m---[0;39m [2m[nio-9999-exec-1][0;39m [36mc.s.vue.controller.HouseMapController   [0;39m [2m:[0;39m sido - í˜¸ì¶œ
[2m2021-11-24 10:06:29.709[0;39m [32m INFO[0;39m [35m13564[0;39m [2m---[0;39m [2m[nio-9999-exec-2][0;39m [36mc.s.vue.controller.HouseMapController   [0;39m [2m:[0;39m starbucks - í˜¸ì¶œ
[2m2021-11-24 10:06:32.104[0;39m [32m INFO[0;39m [35m13564[0;39m [2m---[0;39m [2m[nio-9999-exec-3][0;39m [36mc.s.vue.controller.HouseMapController   [0;39m [2m:[0;39m gugun - í˜¸ì¶œ
[2m2021-11-24 10:06:36.773[0;39m [32m INFO[0;39m [35m13564[0;39m [2m---[0;39m [2m[nio-9999-exec-4][0;39m [36mc.s.vue.controller.HouseMapController   [0;39m [2m:[0;39m starbucks - í˜¸ì¶œ
[2m2021-11-24 10:06:37.581[0;39m [32m INFO[0;39m [35m13564[0;39m [2m---[0;39m [2m[nio-9999-exec-5][0;39m [36mc.s.vue.controller.HouseMapController   [0;39m [2m:[0;39m starbucks - í˜¸ì¶œ
[2m2021-11-24 10:06:43.653[0;39m [32m INFO[0;39m [35m13564[0;39m [2m---[0;39m [2m[nio-9999-exec-6][0;39m [36mc.s.vue.controller.HouseMapController   [0;39m [2m:[0;39m starbucks - í˜¸ì¶œ
[2m2021-11-24 10:06:44.180[0;39m [32m INFO[0;39m [35m13564[0;39m [2m---[0;39m [2m[nio-9999-exec-7][0;39m [36mc.s.vue.controller.HouseMapController   [0;39m [2m:[0;39m starbucks - í˜¸ì¶œ
[2m2021-11-24 10:06:44.834[0;39m [32m INFO[0;39m [35m13564[0;39m [2m---[0;39m [2m[nio-9999-exec-8][0;39m [36mc.s.vue.controller.HouseMapController   [0;39m [2m:[0;39m starbucks - í˜¸ì¶œ
[2m2021-11-24 10:06:45.306[0;39m [32m INFO[0;39m [35m13564[0;39m [2m---[0;39m [2m[nio-9999-exec-9][0;39m [36mc.s.vue.controller.HouseMapController   [0;39m [2m:[0;39m starbucks - í˜¸ì¶œ
[2m2021-11-24 10:06:45.762[0;39m [32m INFO[0;39m [35m13564[0;39m [2m---[0;39m [2m[io-9999-exec-10][0;39m [36mc.s.vue.controller.HouseMapController   [0;39m [2m:[0;39m starbucks - í˜¸ì¶œ
[2m2021-11-24 10:06:46.370[0;39m [32m INFO[0;39m [35m13564[0;39m [2m---[0;39m [2m[nio-9999-exec-1][0;39m [36mc.s.vue.controller.HouseMapController   [0;39m [2m:[0;39m starbucks - í˜¸ì¶œ
[2m2021-11-24 10:07:20.982[0;39m [32m INFO[0;39m [35m13564[0;39m [2m---[0;39m [2m[nio-9999-exec-2][0;39m [36mc.s.vue.controller.HouseMapController   [0;39m [2m:[0;39m sido - í˜¸ì¶œ
[2m2021-11-24 10:07:26.916[0;39m [32m INFO[0;39m [35m13564[0;39m [2m---[0;39m [2m[nio-9999-exec-3][0;39m [36mc.s.vue.controller.HouseMapController   [0;39m [2m:[0;39m gugun - í˜¸ì¶œ
[2m2021-11-24 10:07:29.756[0;39m [32m INFO[0;39m [35m13564[0;39m [2m---[0;39m [2m[nio-9999-exec-4][0;39m [36mc.s.vue.controller.HouseMapController   [0;39m [2m:[0;39m starbucks - í˜¸ì¶œ
[2m2021-11-24 10:07:31.902[0;39m [32m INFO[0;39m [35m13564[0;39m [2m---[0;39m [2m[nio-9999-exec-5][0;39m [36mc.s.vue.controller.HouseMapController   [0;39m [2m:[0;39m starbucks - í˜¸ì¶œ
[2m2021-11-24 10:07:32.167[0;39m [32m INFO[0;39m [35m13564[0;39m [2m---[0;39m [2m[nio-9999-exec-6][0;39m [36mc.s.vue.controller.HouseMapController   [0;39m [2m:[0;39m starbucks - í˜¸ì¶œ
[2m2021-11-24 10:07:32.594[0;39m [32m INFO[0;39m [35m13564[0;39m [2m---[0;39m [2m[nio-9999-exec-7][0;39m [36mc.s.vue.controller.HouseMapController   [0;39m [2m:[0;39m starbucks - í˜¸ì¶œ
[2m2021-11-24 10:07:32.998[0;39m [32m INFO[0;39m [35m13564[0;39m [2m---[0;39m [2m[nio-9999-exec-8][0;39m [36mc.s.vue.controller.HouseMapController   [0;39m [2m:[0;39m starbucks - í˜¸ì¶œ
[2m2021-11-24 10:07:33.513[0;39m [32m INFO[0;39m [35m13564[0;39m [2m---[0;39m [2m[nio-9999-exec-9][0;39m [36mc.s.vue.controller.HouseMapController   [0;39m [2m:[0;39m starbucks - í˜¸ì¶œ
[2m2021-11-24 10:07:34.210[0;39m [32m INFO[0;39m [35m13564[0;39m [2m---[0;39m [2m[io-9999-exec-10][0;39m [36mc.s.vue.controller.HouseMapController   [0;39m [2m:[0;39m starbucks - í˜¸ì¶œ
[2m2021-11-24 10:07:34.962[0;39m [32m INFO[0;39m [35m13564[0;39m [2m---[0;39m [2m[nio-9999-exec-1][0;39m [36mc.s.vue.controller.HouseMapController   [0;39m [2m:[0;39m starbucks - í˜¸ì¶œ
[2m2021-11-24 10:07:35.799[0;39m [32m INFO[0;39m [35m13564[0;39m [2m---[0;39m [2m[nio-9999-exec-2][0;39m [36mc.s.vue.controller.HouseMapController   [0;39m [2m:[0;39m starbucks - í˜¸ì¶œ
[2m2021-11-24 10:07:36.602[0;39m [32m INFO[0;39m [35m13564[0;39m [2m---[0;39m [2m[nio-9999-exec-3][0;39m [36mc.s.vue.controller.HouseMapController   [0;39m [2m:[0;39m starbucks - í˜¸ì¶œ
[2m2021-11-24 10:07:37.693[0;39m [32m INFO[0;39m [35m13564[0;39m [2m---[0;39m [2m[nio-9999-exec-4][0;39m [36mc.s.vue.controller.HouseMapController   [0;39m [2m:[0;39m starbucks - í˜¸ì¶œ
[2m2021-11-24 10:07:45.802[0;39m [32m INFO[0;39m [35m13564[0;39m [2m---[0;39m [2m[nio-9999-exec-7][0;39m [36mc.s.vue.controller.HouseMapController   [0;39m [2m:[0;39m starbucks - í˜¸ì¶œ
[2m2021-11-24 10:07:52.514[0;39m [32m INFO[0;39m [35m13564[0;39m [2m---[0;39m [2m[nio-9999-exec-8][0;39m [36mc.s.vue.controller.HouseMapController   [0;39m [2m:[0;39m starbucks - í˜¸ì¶œ
[2m2021-11-24 10:07:53.026[0;39m [32m INFO[0;39m [35m13564[0;39m [2m---[0;39m [2m[nio-9999-exec-9][0;39m [36mc.s.vue.controller.HouseMapController   [0;39m [2m:[0;39m starbucks - í˜¸ì¶œ
[2m2021-11-24 10:08:03.424[0;39m [32m INFO[0;39m [35m13564[0;39m [2m---[0;39m [2m[io-9999-exec-10][0;39m [36mc.s.vue.controller.HouseMapController   [0;39m [2m:[0;39m starbucks - í˜¸ì¶œ
[2m2021-11-24 10:08:04.056[0;39m [32m INFO[0;39m [35m13564[0;39m [2m---[0;39m [2m[nio-9999-exec-1][0;39m [36mc.s.vue.controller.HouseMapController   [0;39m [2m:[0;39m starbucks - í˜¸ì¶œ
[2m2021-11-24 10:08:25.899[0;39m [32m INFO[0;39m [35m13564[0;39m [2m---[0;39m [2m[nio-9999-exec-2][0;39m [36mc.s.vue.controller.HouseMapController   [0;39m [2m:[0;39m sido - í˜¸ì¶œ
[2m2021-11-24 10:08:30.608[0;39m [32m INFO[0;39m [35m13564[0;39m [2m---[0;39m [2m[nio-9999-exec-3][0;39m [36mc.s.vue.controller.HouseMapController   [0;39m [2m:[0;39m gugun - í˜¸ì¶œ
[2m2021-11-24 10:08:44.360[0;39m [32m INFO[0;39m [35m13564[0;39m [2m---[0;39m [2m[nio-9999-exec-5][0;39m [36mc.s.vue.controller.HouseMapController   [0;39m [2m:[0;39m starbucks - í˜¸ì¶œ
[2m2021-11-24 10:09:00.860[0;39m [32m INFO[0;39m [35m13564[0;39m [2m---[0;39m [2m[nio-9999-exec-6][0;39m [36mc.s.vue.controller.HouseMapController   [0;39m [2m:[0;39m starbucks - í˜¸ì¶œ
[2m2021-11-24 10:09:01.846[0;39m [32m INFO[0;39m [35m13564[0;39m [2m---[0;39m [2m[nio-9999-exec-7][0;39m [36mc.s.vue.controller.HouseMapController   [0;39m [2m:[0;39m starbucks - í˜¸ì¶œ
[2m2021-11-24 10:18:58.557[0;39m [32m INFO[0;39m [35m13564[0;39m [2m---[0;39m [2m[nio-9999-exec-9][0;39m [36mc.s.vue.controller.HouseMapController   [0;39m [2m:[0;39m starbucks - í˜¸ì¶œ
[2m2021-11-24 10:18:59.442[0;39m [32m INFO[0;39m [35m13564[0;39m [2m---[0;39m [2m[io-9999-exec-10][0;39m [36mc.s.vue.controller.HouseMapController   [0;39m [2m:[0;39m starbucks - í˜¸ì¶œ
[2m2021-11-24 10:19:01.150[0;39m [32m INFO[0;39m [35m13564[0;39m [2m---[0;39m [2m[nio-9999-exec-1][0;39m [36mc.s.vue.controller.HouseMapController   [0;39m [2m:[0;39m starbucks - í˜¸ì¶œ
[2m2021-11-24 10:20:09.670[0;39m [32m INFO[0;39m [35m13564[0;39m [2m---[0;39m [2m[nio-9999-exec-3][0;39m [36mc.s.vue.controller.HouseMapController   [0;39m [2m:[0;39m starbucks - í˜¸ì¶œ
[2m2021-11-24 10:20:11.641[0;39m [32m INFO[0;39m [35m13564[0;39m [2m---[0;39m [2m[nio-9999-exec-4][0;39m [36mc.s.vue.controller.HouseMapController   [0;39m [2m:[0;39m starbucks - í˜¸ì¶œ
[2m2021-11-24 10:20:13.597[0;39m [32m INFO[0;39m [35m13564[0;39m [2m---[0;39m [2m[nio-9999-exec-5][0;39m [36mc.s.vue.controller.HouseMapController   [0;39m [2m:[0;39m starbucks - í˜¸ì¶œ
[2m2021-11-24 10:20:14.126[0;39m [32m INFO[0;39m [35m13564[0;39m [2m---[0;39m [2m[nio-9999-exec-6][0;39m [36mc.s.vue.controller.HouseMapController   [0;39m [2m:[0;39m starbucks - í˜¸ì¶œ
[2m2021-11-24 10:20:14.573[0;39m [32m INFO[0;39m [35m13564[0;39m [2m---[0;39m [2m[nio-9999-exec-7][0;39m [36mc.s.vue.controller.HouseMapController   [0;39m [2m:[0;39m starbucks - í˜¸ì¶œ
[2m2021-11-24 10:21:43.578[0;39m [32m INFO[0;39m [35m13564[0;39m [2m---[0;39m [2m[nio-9999-exec-9][0;39m [36mc.s.vue.controller.HouseMapController   [0;39m [2m:[0;39m starbucks - í˜¸ì¶œ
[2m2021-11-24 10:21:45.203[0;39m [32m INFO[0;39m [35m13564[0;39m [2m---[0;39m [2m[io-9999-exec-10][0;39m [36mc.s.vue.controller.HouseMapController   [0;39m [2m:[0;39m starbucks - í˜¸ì¶œ
[2m2021-11-24 10:21:45.954[0;39m [32m INFO[0;39m [35m13564[0;39m [2m---[0;39m [2m[nio-9999-exec-1][0;39m [36mc.s.vue.controller.HouseMapController   [0;39m [2m:[0;39m starbucks - í˜¸ì¶œ
[2m2021-11-24 10:21:46.406[0;39m [32m INFO[0;39m [35m13564[0;39m [2m---[0;39m [2m[nio-9999-exec-2][0;39m [36mc.s.vue.controller.HouseMapController   [0;39m [2m:[0;39m starbucks - í˜¸ì¶œ
[2m2021-11-24 10:21:46.964[0;39m [32m INFO[0;39m [35m13564[0;39m [2m---[0;39m [2m[nio-9999-exec-3][0;39m [36mc.s.vue.controller.HouseMapController   [0;39m [2m:[0;39m starbucks - í˜¸ì¶œ
[2m2021-11-24 10:21:47.264[0;39m [32m INFO[0;39m [35m13564[0;39m [2m---[0;39m [2m[nio-9999-exec-4][0;39m [36mc.s.vue.controller.HouseMapController   [0;39m [2m:[0;39m starbucks - í˜¸ì¶œ
[2m2021-11-24 10:21:47.606[0;39m [32m INFO[0;39m [35m13564[0;39m [2m---[0;39m [2m[nio-9999-exec-5][0;39m [36mc.s.vue.controller.HouseMapController   [0;39m [2m:[0;39m starbucks - í˜¸ì¶œ
[2m2021-11-24 10:21:47.955[0;39m [32m INFO[0;39m [35m13564[0;39m [2m---[0;39m [2m[nio-9999-exec-6][0;39m [36mc.s.vue.controller.HouseMapController   [0;39m [2m:[0;39m starbucks - í˜¸ì¶œ
[2m2021-11-24 10:21:48.378[0;39m [32m INFO[0;39m [35m13564[0;39m [2m---[0;39m [2m[nio-9999-exec-7][0;39m [36mc.s.vue.controller.HouseMapController   [0;39m [2m:[0;39m starbucks - í˜¸ì¶œ
[2m2021-11-24 10:21:51.557[0;39m [32m INFO[0;39m [35m13564[0;39m [2m---[0;39m [2m[nio-9999-exec-8][0;39m [36mc.s.vue.controller.HouseMapController   [0;39m [2m:[0;39m starbucks - í˜¸ì¶œ
[2m2021-11-24 10:21:52.029[0;39m [32m INFO[0;39m [35m13564[0;39m [2m---[0;39m [2m[nio-9999-exec-9][0;39m [36mc.s.vue.controller.HouseMapController   [0;39m [2m:[0;39m starbucks - í˜¸ì¶œ
[2m2021-11-24 10:21:52.435[0;39m [32m INFO[0;39m [35m13564[0;39m [2m---[0;39m [2m[io-9999-exec-10][0;39m [36mc.s.vue.controller.HouseMapController   [0;39m [2m:[0;39m starbucks - í˜¸ì¶œ
[2m2021-11-24 10:21:52.951[0;39m [32m INFO[0;39m [35m13564[0;39m [2m---[0;39m [2m[nio-9999-exec-1][0;39m [36mc.s.vue.controller.HouseMapController   [0;39m [2m:[0;39m starbucks - í˜¸ì¶œ
[2m2021-11-24 10:21:53.549[0;39m [32m INFO[0;39m [35m13564[0;39m [2m---[0;39m [2m[nio-9999-exec-2][0;39m [36mc.s.vue.controller.HouseMapController   [0;39m [2m:[0;39m starbucks - í˜¸ì¶œ
[2m2021-11-24 10:21:54.800[0;39m [32m INFO[0;39m [35m13564[0;39m [2m---[0;39m [2m[nio-9999-exec-3][0;39m [36mc.s.vue.controller.HouseMapController   [0;39m [2m:[0;39m starbucks - í˜¸ì¶œ
[2m2021-11-24 10:27:12.493[0;39m [32m INFO[0;39m [35m13564[0;39m [2m---[0;39m [2m[nio-9999-exec-5][0;39m [36mc.s.vue.controller.HouseMapController   [0;39m [2m:[0;39m sido - í˜¸ì¶œ
[2m2021-11-24 10:27:13.772[0;39m [32m INFO[0;39m [35m13564[0;39m [2m---[0;39m [2m[nio-9999-exec-6][0;39m [36mc.s.vue.controller.HouseMapController   [0;39m [2m:[0;39m starbucks - í˜¸ì¶œ
[2m2021-11-24 10:28:24.398[0;39m [32m INFO[0;39m [35m13564[0;39m [2m---[0;39m [2m[nio-9999-exec-8][0;39m [36mc.s.vue.controller.HouseMapController   [0;39m [2m:[0;39m starbucks - í˜¸ì¶œ
[2m2021-11-24 10:28:25.324[0;39m [32m INFO[0;39m [35m13564[0;39m [2m---[0;39m [2m[nio-9999-exec-9][0;39m [36mc.s.vue.controller.HouseMapController   [0;39m [2m:[0;39m starbucks - í˜¸ì¶œ
[2m2021-11-24 10:28:25.904[0;39m [32m INFO[0;39m [35m13564[0;39m [2m---[0;39m [2m[io-9999-exec-10][0;39m [36mc.s.vue.controller.HouseMapController   [0;39m [2m:[0;39m starbucks - í˜¸ì¶œ
[2m2021-11-24 10:29:44.652[0;39m [32m INFO[0;39m [35m13564[0;39m [2m---[0;39m [2m[nio-9999-exec-2][0;39m [36mc.s.vue.controller.HouseMapController   [0;39m [2m:[0;39m starbucks - í˜¸ì¶œ
[2m2021-11-24 10:29:46.429[0;39m [32m INFO[0;39m [35m13564[0;39m [2m---[0;39m [2m[nio-9999-exec-3][0;39m [36mc.s.vue.controller.HouseMapController   [0;39m [2m:[0;39m starbucks - í˜¸ì¶œ
[2m2021-11-24 10:29:46.866[0;39m [32m INFO[0;39m [35m13564[0;39m [2m---[0;39m [2m[nio-9999-exec-4][0;39m [36mc.s.vue.controller.HouseMapController   [0;39m [2m:[0;39m starbucks - í˜¸ì¶œ
[2m2021-11-24 10:29:47.192[0;39m [32m INFO[0;39m [35m13564[0;39m [2m---[0;39m [2m[nio-9999-exec-5][0;39m [36mc.s.vue.controller.HouseMapController   [0;39m [2m:[0;39m starbucks - í˜¸ì¶œ
[2m2021-11-24 10:34:56.340[0;39m [32m INFO[0;39m [35m13564[0;39m [2m---[0;39m [2m[nio-9999-exec-7][0;39m [36mc.s.vue.controller.HouseMapController   [0;39m [2m:[0;39m starbucks - í˜¸ì¶œ
[2m2021-11-24 10:35:22.859[0;39m [32m INFO[0;39m [35m13564[0;39m [2m---[0;39m [2m[nio-9999-exec-8][0;39m [36mc.s.vue.controller.HouseMapController   [0;39m [2m:[0;39m sido - í˜¸ì¶œ
[2m2021-11-24 10:35:24.972[0;39m [32m INFO[0;39m [35m13564[0;39m [2m---[0;39m [2m[nio-9999-exec-9][0;39m [36mc.s.vue.controller.HouseMapController   [0;39m [2m:[0;39m starbucks - í˜¸ì¶œ
[2m2021-11-24 10:35:26.574[0;39m [32m INFO[0;39m [35m13564[0;39m [2m---[0;39m [2m[io-9999-exec-10][0;39m [36mc.s.vue.controller.HouseMapController   [0;39m [2m:[0;39m starbucks - í˜¸ì¶œ
[2m2021-11-24 10:35:27.416[0;39m [32m INFO[0;39m [35m13564[0;39m [2m---[0;39m [2m[nio-9999-exec-1][0;39m [36mc.s.vue.controller.HouseMapController   [0;39m [2m:[0;39m starbucks - í˜¸ì¶œ
[2m2021-11-24 10:35:29.093[0;39m [32m INFO[0;39m [35m13564[0;39m [2m---[0;39m [2m[nio-9999-exec-2][0;39m [36mc.s.vue.controller.HouseMapController   [0;39m [2m:[0;39m gugun - í˜¸ì¶œ
[2m2021-11-24 10:35:30.493[0;39m [32m INFO[0;39m [35m13564[0;39m [2m---[0;39m [2m[nio-9999-exec-3][0;39m [36mc.s.vue.controller.HouseMapController   [0;39m [2m:[0;39m starbucks - í˜¸ì¶œ
[2m2021-11-24 10:35:31.156[0;39m [32m INFO[0;39m [35m13564[0;39m [2m---[0;39m [2m[nio-9999-exec-4][0;39m [36mc.s.vue.controller.HouseMapController   [0;39m [2m:[0;39m starbucks - í˜¸ì¶œ
[2m2021-11-24 10:35:32.302[0;39m [32m INFO[0;39m [35m13564[0;39m [2m---[0;39m [2m[nio-9999-exec-5][0;39m [36mc.s.vue.controller.HouseMapController   [0;39m [2m:[0;39m starbucks - í˜¸ì¶œ
[2m2021-11-24 10:35:32.932[0;39m [32m INFO[0;39m [35m13564[0;39m [2m---[0;39m [2m[nio-9999-exec-6][0;39m [36mc.s.vue.controller.HouseMapController   [0;39m [2m:[0;39m starbucks - í˜¸ì¶œ
[2m2021-11-24 10:35:33.537[0;39m [32m INFO[0;39m [35m13564[0;39m [2m---[0;39m [2m[nio-9999-exec-7][0;39m [36mc.s.vue.controller.HouseMapController   [0;39m [2m:[0;39m starbucks - í˜¸ì¶œ
[2m2021-11-24 10:35:34.283[0;39m [32m INFO[0;39m [35m13564[0;39m [2m---[0;39m [2m[nio-9999-exec-8][0;39m [36mc.s.vue.controller.HouseMapController   [0;39m [2m:[0;39m starbucks - í˜¸ì¶œ
[2m2021-11-24 10:35:34.748[0;39m [32m INFO[0;39m [35m13564[0;39m [2m---[0;39m [2m[nio-9999-exec-9][0;39m [36mc.s.vue.controller.HouseMapController   [0;39m [2m:[0;39m starbucks - í˜¸ì¶œ
[2m2021-11-24 10:35:35.382[0;39m [32m INFO[0;39m [35m13564[0;39m [2m---[0;39m [2m[io-9999-exec-10][0;39m [36mc.s.vue.controller.HouseMapController   [0;39m [2m:[0;39m starbucks - í˜¸ì¶œ
[2m2021-11-24 10:35:35.856[0;39m [32m INFO[0;39m [35m13564[0;39m [2m---[0;39m [2m[nio-9999-exec-1][0;39m [36mc.s.vue.controller.HouseMapController   [0;39m [2m:[0;39m starbucks - í˜¸ì¶œ
[2m2021-11-24 10:35:36.152[0;39m [32m INFO[0;39m [35m13564[0;39m [2m---[0;39m [2m[nio-9999-exec-2][0;39m [36mc.s.vue.controller.HouseMapController   [0;39m [2m:[0;39m starbucks - í˜¸ì¶œ
[2m2021-11-24 10:35:36.585[0;39m [32m INFO[0;39m [35m13564[0;39m [2m---[0;39m [2m[nio-9999-exec-3][0;39m [36mc.s.vue.controller.HouseMapController   [0;39m [2m:[0;39m starbucks - í˜¸ì¶œ
[2m2021-11-24 10:36:54.305[0;39m [32m INFO[0;39m [35m13564[0;39m [2m---[0;39m [2m[nio-9999-exec-5][0;39m [36mc.s.vue.controller.HouseMapController   [0;39m [2m:[0;39m starbucks - í˜¸ì¶œ
[2m2021-11-24 10:36:55.087[0;39m [32m INFO[0;39m [35m13564[0;39m [2m---[0;39m [2m[nio-9999-exec-6][0;39m [36mc.s.vue.controller.HouseMapController   [0;39m [2m:[0;39m starbucks - í˜¸ì¶œ
[2m2021-11-24 10:36:59.583[0;39m [32m INFO[0;39m [35m13564[0;39m [2m---[0;39m [2m[nio-9999-exec-7][0;39m [36mc.s.vue.controller.HouseMapController   [0;39m [2m:[0;39m starbucks - í˜¸ì¶œ
[2m2021-11-24 10:41:18.718[0;39m [32m INFO[0;39m [35m13564[0;39m [2m---[0;39m [2m[nio-9999-exec-9][0;39m [36mc.s.vue.controller.HouseMapController   [0;39m [2m:[0;39m starbucks - í˜¸ì¶œ
[2m2021-11-24 10:42:09.283[0;39m [32m INFO[0;39m [35m13564[0;39m [2m---[0;39m [2m[io-9999-exec-10][0;39m [36mc.s.vue.controller.HouseMapController   [0;39m [2m:[0;39m starbucks - í˜¸ì¶œ
[2m2021-11-24 10:42:25.446[0;39m [32m INFO[0;39m [35m13564[0;39m [2m---[0;39m [2m[nio-9999-exec-1][0;39m [36mc.s.vue.controller.HouseMapController   [0;39m [2m:[0;39m sido - í˜¸ì¶œ
[2m2021-11-24 10:42:26.474[0;39m [32m INFO[0;39m [35m13564[0;39m [2m---[0;39m [2m[nio-9999-exec-2][0;39m [36mc.s.vue.controller.HouseMapController   [0;39m [2m:[0;39m starbucks - í˜¸ì¶œ
[2m2021-11-24 10:42:38.674[0;39m [32m INFO[0;39m [35m13564[0;39m [2m---[0;39m [2m[nio-9999-exec-3][0;39m [36mc.s.vue.controller.HouseMapController   [0;39m [2m:[0;39m starbucks - í˜¸ì¶œ
[2m2021-11-24 10:43:03.723[0;39m [32m INFO[0;39m [35m13564[0;39m [2m---[0;39m [2m[nio-9999-exec-4][0;39m [36mc.s.vue.controller.HouseMapController   [0;39m [2m:[0;39m starbucks - í˜¸ì¶œ
[2m2021-11-24 10:43:33.563[0;39m [32m INFO[0;39m [35m13564[0;39m [2m---[0;39m [2m[nio-9999-exec-5][0;39m [36mc.s.vue.controller.HouseMapController   [0;39m [2m:[0;39m starbucks - í˜¸ì¶œ
[2m2021-11-24 10:52:05.208[0;39m [32m INFO[0;39m [35m13564[0;39m [2m---[0;39m [2m[nio-9999-exec-7][0;39m [36mc.s.vue.controller.HouseMapController   [0;39m [2m:[0;39m starbucks - í˜¸ì¶œ
[2m2021-11-24 10:54:24.641[0;39m [32m INFO[0;39m [35m13564[0;39m [2m---[0;39m [2m[nio-9999-exec-9][0;39m [36mc.s.vue.controller.HouseMapController   [0;39m [2m:[0;39m starbucks - í˜¸ì¶œ
[2m2021-11-24 10:59:20.299[0;39m [32m INFO[0;39m [35m13564[0;39m [2m---[0;39m [2m[nio-9999-exec-1][0;39m [36mc.s.vue.controller.HouseMapController   [0;39m [2m:[0;39m sido - í˜¸ì¶œ
[2m2021-11-24 10:59:28.710[0;39m [32m INFO[0;39m [35m13564[0;39m [2m---[0;39m [2m[nio-9999-exec-2][0;39m [36mc.s.vue.controller.HouseMapController   [0;39m [2m:[0;39m gugun - í˜¸ì¶œ
[2m2021-11-24 10:59:32.049[0;39m [32m INFO[0;39m [35m13564[0;39m [2m---[0;39m [2m[nio-9999-exec-3][0;39m [36mc.s.vue.controller.HouseMapController   [0;39m [2m:[0;39m starbucks - í˜¸ì¶œ
[2m2021-11-24 11:01:43.587[0;39m [32m INFO[0;39m [35m13564[0;39m [2m---[0;39m [2m[nio-9999-exec-5][0;39m [36mc.s.vue.controller.HouseMapController   [0;39m [2m:[0;39m starbucks - í˜¸ì¶œ
[2m2021-11-24 11:03:22.581[0;39m [32m INFO[0;39m [35m13564[0;39m [2m---[0;39m [2m[nio-9999-exec-7][0;39m [36mc.s.vue.controller.HouseMapController   [0;39m [2m:[0;39m starbucks - í˜¸ì¶œ
[2m2021-11-24 11:06:39.317[0;39m [32m INFO[0;39m [35m13564[0;39m [2m---[0;39m [2m[nio-9999-exec-9][0;39m [36mc.s.vue.controller.HouseMapController   [0;39m [2m:[0;39m sido - í˜¸ì¶œ
[2m2021-11-24 11:06:59.361[0;39m [32m INFO[0;39m [35m13564[0;39m [2m---[0;39m [2m[io-9999-exec-10][0;39m [36mc.s.vue.controller.HouseMapController   [0;39m [2m:[0;39m sido - í˜¸ì¶œ
[2m2021-11-24 11:07:02.919[0;39m [32m INFO[0;39m [35m13564[0;39m [2m---[0;39m [2m[nio-9999-exec-1][0;39m [36mc.s.vue.controller.HouseMapController   [0;39m [2m:[0;39m gugun - í˜¸ì¶œ
[2m2021-11-24 11:07:21.670[0;39m [32m INFO[0;39m [35m13564[0;39m [2m---[0;39m [2m[nio-9999-exec-2][0;39m [36mc.s.vue.controller.HouseMapController   [0;39m [2m:[0;39m starbucks - í˜¸ì¶œ
[2m2021-11-24 11:08:29.808[0;39m [32m INFO[0;39m [35m13564[0;39m [2m---[0;39m [2m[nio-9999-exec-4][0;39m [36mc.s.vue.controller.HouseMapController   [0;39m [2m:[0;39m starbucks - í˜¸ì¶œ
[2m2021-11-24 11:08:53.926[0;39m [32m INFO[0;39m [35m13564[0;39m [2m---[0;39m [2m[nio-9999-exec-5][0;39m [36mc.s.vue.controller.HouseMapController   [0;39m [2m:[0;39m starbucks - í˜¸ì¶œ
[2m2021-11-24 11:09:36.870[0;39m [32m INFO[0;39m [35m13564[0;39m [2m---[0;39m [2m[nio-9999-exec-6][0;39m [36mc.s.vue.controller.HouseMapController   [0;39m [2m:[0;39m starbucks - í˜¸ì¶œ
[2m2021-11-24 11:09:37.248[0;39m [32m INFO[0;39m [35m13564[0;39m [2m---[0;39m [2m[nio-9999-exec-7][0;39m [36mc.s.vue.controller.HouseMapController   [0;39m [2m:[0;39m starbucks - í˜¸ì¶œ
[2m2021-11-24 11:09:43.656[0;39m [32m INFO[0;39m [35m13564[0;39m [2m---[0;39m [2m[nio-9999-exec-8][0;39m [36mc.s.vue.controller.HouseMapController   [0;39m [2m:[0;39m starbucks - í˜¸ì¶œ
[2m2021-11-24 11:13:57.280[0;39m [32m INFO[0;39m [35m13564[0;39m [2m---[0;39m [2m[io-9999-exec-10][0;39m [36mc.s.vue.controller.HouseMapController   [0;39m [2m:[0;39m starbucks - í˜¸ì¶œ
[2m2021-11-24 11:13:57.984[0;39m [32m INFO[0;39m [35m13564[0;39m [2m---[0;39m [2m[nio-9999-exec-1][0;39m [36mc.s.vue.controller.HouseMapController   [0;39m [2m:[0;39m starbucks - í˜¸ì¶œ
[2m2021-11-24 11:14:04.220[0;39m [32m INFO[0;39m [35m13564[0;39m [2m---[0;39m [2m[nio-9999-exec-2][0;39m [36mc.s.vue.controller.HouseMapController   [0;39m [2m:[0;39m starbucks - í˜¸ì¶œ
[2m2021-11-24 11:14:04.751[0;39m [32m INFO[0;39m [35m13564[0;39m [2m---[0;39m [2m[nio-9999-exec-3][0;39m [36mc.s.vue.controller.HouseMapController   [0;39m [2m:[0;39m starbucks - í˜¸ì¶œ
[2m2021-11-24 11:14:45.343[0;39m [32m INFO[0;39m [35m13564[0;39m [2m---[0;39m [2m[nio-9999-exec-4][0;39m [36mc.s.vue.controller.HouseMapController   [0;39m [2m:[0;39m starbucks - í˜¸ì¶œ
[2m2021-11-24 11:14:46.312[0;39m [32m INFO[0;39m [35m13564[0;39m [2m---[0;39m [2m[nio-9999-exec-5][0;39m [36mc.s.vue.controller.HouseMapController   [0;39m [2m:[0;39m starbucks - í˜¸ì¶œ
[2m2021-11-24 11:14:47.676[0;39m [32m INFO[0;39m [35m13564[0;39m [2m---[0;39m [2m[nio-9999-exec-6][0;39m [36mc.s.vue.controller.HouseMapController   [0;39m [2m:[0;39m starbucks - í˜¸ì¶œ
[2m2021-11-24 11:14:48.850[0;39m [32m INFO[0;39m [35m13564[0;39m [2m---[0;39m [2m[nio-9999-exec-7][0;39m [36mc.s.vue.controller.HouseMapController   [0;39m [2m:[0;39m starbucks - í˜¸ì¶œ
[2m2021-11-24 11:14:49.521[0;39m [32m INFO[0;39m [35m13564[0;39m [2m---[0;39m [2m[nio-9999-exec-8][0;39m [36mc.s.vue.controller.HouseMapController   [0;39m [2m:[0;39m starbucks - í˜¸ì¶œ
[2m2021-11-24 11:14:49.962[0;39m [32m INFO[0;39m [35m13564[0;39m [2m---[0;39m [2m[nio-9999-exec-9][0;39m [36mc.s.vue.controller.HouseMapController   [0;39m [2m:[0;39m starbucks - í˜¸ì¶œ
[2m2021-11-24 11:14:50.279[0;39m [32m INFO[0;39m [35m13564[0;39m [2m---[0;39m [2m[io-9999-exec-10][0;39m [36mc.s.vue.controller.HouseMapController   [0;39m [2m:[0;39m starbucks - í˜¸ì¶œ
[2m2021-11-24 11:14:54.379[0;39m [32m INFO[0;39m [35m13564[0;39m [2m---[0;39m [2m[nio-9999-exec-1][0;39m [36mc.s.vue.controller.HouseMapController   [0;39m [2m:[0;39m starbucks - í˜¸ì¶œ
[2m2021-11-24 11:14:55.431[0;39m [32m INFO[0;39m [35m13564[0;39m [2m---[0;39m [2m[nio-9999-exec-2][0;39m [36mc.s.vue.controller.HouseMapController   [0;39m [2m:[0;39m starbucks - í˜¸ì¶œ
[2m2021-11-24 11:14:58.254[0;39m [32m INFO[0;39m [35m13564[0;39m [2m---[0;39m [2m[nio-9999-exec-3][0;39m [36mc.s.vue.controller.HouseMapController   [0;39m [2m:[0;39m starbucks - í˜¸ì¶œ
[2m2021-11-24 11:14:58.922[0;39m [32m INFO[0;39m [35m13564[0;39m [2m---[0;39m [2m[nio-9999-exec-4][0;39m [36mc.s.vue.controller.HouseMapController   [0;39m [2m:[0;39m starbucks - í˜¸ì¶œ
[2m2021-11-24 11:15:03.067[0;39m [32m INFO[0;39m [35m13564[0;39m [2m---[0;39m [2m[nio-9999-exec-5][0;39m [36mc.s.vue.controller.HouseMapController   [0;39m [2m:[0;39m starbucks - í˜¸ì¶œ
[2m2021-11-24 11:15:03.801[0;39m [32m INFO[0;39m [35m13564[0;39m [2m---[0;39m [2m[nio-9999-exec-6][0;39m [36mc.s.vue.controller.HouseMapController   [0;39m [2m:[0;39m starbucks - í˜¸ì¶œ
[2m2021-11-24 11:15:04.638[0;39m [32m INFO[0;39m [35m13564[0;39m [2m---[0;39m [2m[nio-9999-exec-7][0;39m [36mc.s.vue.controller.HouseMapController   [0;39m [2m:[0;39m starbucks - í˜¸ì¶œ
[2m2021-11-24 11:15:46.880[0;39m [32m INFO[0;39m [35m13564[0;39m [2m---[0;39m [2m[nio-9999-exec-8][0;39m [36mc.s.vue.controller.HouseMapController   [0;39m [2m:[0;39m starbucks - í˜¸ì¶œ
[2m2021-11-24 11:16:44.300[0;39m [32m INFO[0;39m [35m13564[0;39m [2m---[0;39m [2m[nio-9999-exec-9][0;39m [36mc.s.vue.controller.HouseMapController   [0;39m [2m:[0;39m starbucks - í˜¸ì¶œ
[2m2021-11-24 11:16:45.301[0;39m [32m INFO[0;39m [35m13564[0;39m [2m---[0;39m [2m[io-9999-exec-10][0;39m [36mc.s.vue.controller.HouseMapController   [0;39m [2m:[0;39m starbucks - í˜¸ì¶œ
[2m2021-11-24 11:17:01.242[0;39m [32m INFO[0;39m [35m13564[0;39m [2m---[0;39m [2m[nio-9999-exec-1][0;39m [36mc.s.vue.controller.HouseMapController   [0;39m [2m:[0;39m starbucks - í˜¸ì¶œ
[2m2021-11-24 11:17:01.956[0;39m [32m INFO[0;39m [35m13564[0;39m [2m---[0;39m [2m[nio-9999-exec-2][0;39m [36mc.s.vue.controller.HouseMapController   [0;39m [2m:[0;39m starbucks - í˜¸ì¶œ
[2m2021-11-24 11:17:02.447[0;39m [32m INFO[0;39m [35m13564[0;39m [2m---[0;39m [2m[nio-9999-exec-3][0;39m [36mc.s.vue.controller.HouseMapController   [0;39m [2m:[0;39m starbucks - í˜¸ì¶œ
[2m2021-11-24 11:17:14.836[0;39m [32m INFO[0;39m [35m13564[0;39m [2m---[0;39m [2m[nio-9999-exec-4][0;39m [36mc.s.vue.controller.HouseMapController   [0;39m [2m:[0;39m sido - í˜¸ì¶œ
[2m2021-11-24 11:17:16.983[0;39m [32m INFO[0;39m [35m13564[0;39m [2m---[0;39m [2m[nio-9999-exec-5][0;39m [36mc.s.vue.controller.HouseMapController   [0;39m [2m:[0;39m gugun - í˜¸ì¶œ
[2m2021-11-24 11:17:18.853[0;39m [32m INFO[0;39m [35m13564[0;39m [2m---[0;39m [2m[nio-9999-exec-6][0;39m [36mc.s.vue.controller.HouseMapController   [0;39m [2m:[0;39m starbucks - í˜¸ì¶œ
[2m2021-11-24 11:17:19.561[0;39m [32m INFO[0;39m [35m13564[0;39m [2m---[0;39m [2m[nio-9999-exec-7][0;39m [36mc.s.vue.controller.HouseMapController   [0;39m [2m:[0;39m starbucks - í˜¸ì¶œ
[2m2021-11-24 11:17:41.847[0;39m [32m INFO[0;39m [35m13564[0;39m [2m---[0;39m [2m[nio-9999-exec-8][0;39m [36mc.s.vue.controller.HouseMapController   [0;39m [2m:[0;39m starbucks - í˜¸ì¶œ
[2m2021-11-24 11:17:42.516[0;39m [32m INFO[0;39m [35m13564[0;39m [2m---[0;39m [2m[nio-9999-exec-9][0;39m [36mc.s.vue.controller.HouseMapController   [0;39m [2m:[0;39m starbucks - í˜¸ì¶œ
[2m2021-11-24 11:17:50.810[0;39m [32m INFO[0;39m [35m13564[0;39m [2m---[0;39m [2m[io-9999-exec-10][0;39m [36mc.s.vue.controller.HouseMapController   [0;39m [2m:[0;39m starbucks - í˜¸ì¶œ
[2m2021-11-24 11:18:00.379[0;39m [32m INFO[0;39m [35m13564[0;39m [2m---[0;39m [2m[nio-9999-exec-1][0;39m [36mc.s.vue.controller.HouseMapController   [0;39m [2m:[0;39m starbucks - í˜¸ì¶œ
[2m2021-11-24 11:18:01.236[0;39m [32m INFO[0;39m [35m13564[0;39m [2m---[0;39m [2m[nio-9999-exec-2][0;39m [36mc.s.vue.controller.HouseMapController   [0;39m [2m:[0;39m starbucks - í˜¸ì¶œ
[2m2021-11-24 11:21:59.862[0;39m [32m INFO[0;39m [35m13564[0;39m [2m---[0;39m [2m[nio-9999-exec-4][0;39m [36mc.s.vue.controller.HouseMapController   [0;39m [2m:[0;39m sido - í˜¸ì¶œ
[2m2021-11-24 11:22:01.581[0;39m [32m INFO[0;39m [35m13564[0;39m [2m---[0;39m [2m[nio-9999-exec-5][0;39m [36mc.s.vue.controller.HouseMapController   [0;39m [2m:[0;39m starbucks - í˜¸ì¶œ
[2m2021-11-24 11:22:35.747[0;39m [32m INFO[0;39m [35m13564[0;39m [2m---[0;39m [2m[nio-9999-exec-6][0;39m [36mc.s.vue.controller.HouseMapController   [0;39m [2m:[0;39m gugun - í˜¸ì¶œ
[2m2021-11-24 11:22:37.605[0;39m [32m INFO[0;39m [35m13564[0;39m [2m---[0;39m [2m[nio-9999-exec-7][0;39m [36mc.s.vue.controller.HouseMapController   [0;39m [2m:[0;39m starbucks - í˜¸ì¶œ
[2m2021-11-24 11:22:42.465[0;39m [32m INFO[0;39m [35m13564[0;39m [2m---[0;39m [2m[nio-9999-exec-8][0;39m [36mc.s.vue.controller.HouseMapController   [0;39m [2m:[0;39m sido - í˜¸ì¶œ
[2m2021-11-24 11:22:45.026[0;39m [32m INFO[0;39m [35m13564[0;39m [2m---[0;39m [2m[nio-9999-exec-9][0;39m [36mc.s.vue.controller.HouseMapController   [0;39m [2m:[0;39m gugun - í˜¸ì¶œ
[2m2021-11-24 11:22:47.606[0;39m [32m INFO[0;39m [35m13564[0;39m [2m---[0;39m [2m[io-9999-exec-10][0;39m [36mc.s.vue.controller.HouseMapController   [0;39m [2m:[0;39m starbucks - í˜¸ì¶œ
[2m2021-11-24 11:23:14.749[0;39m [32m INFO[0;39m [35m13564[0;39m [2m---[0;39m [2m[nio-9999-exec-1][0;39m [36mc.s.vue.controller.HouseMapController   [0;39m [2m:[0;39m sido - í˜¸ì¶œ
[2m2021-11-24 11:23:17.663[0;39m [32m INFO[0;39m [35m13564[0;39m [2m---[0;39m [2m[nio-9999-exec-2][0;39m [36mc.s.vue.controller.HouseMapController   [0;39m [2m:[0;39m gugun - í˜¸ì¶œ
[2m2021-11-24 11:23:22.326[0;39m [32m INFO[0;39m [35m13564[0;39m [2m---[0;39m [2m[nio-9999-exec-3][0;39m [36mc.s.vue.controller.HouseMapController   [0;39m [2m:[0;39m starbucks - í˜¸ì¶œ
[2m2021-11-24 11:23:24.208[0;39m [32m INFO[0;39m [35m13564[0;39m [2m---[0;39m [2m[nio-9999-exec-4][0;39m [36mc.s.vue.controller.HouseMapController   [0;39m [2m:[0;39m starbucks - í˜¸ì¶œ
[2m2021-11-24 11:23:24.728[0;39m [32m INFO[0;39m [35m13564[0;39m [2m---[0;39m [2m[nio-9999-exec-5][0;39m [36mc.s.vue.controller.HouseMapController   [0;39m [2m:[0;39m starbucks - í˜¸ì¶œ
[2m2021-11-24 11:23:25.073[0;39m [32m INFO[0;39m [35m13564[0;39m [2m---[0;39m [2m[nio-9999-exec-6][0;39m [36mc.s.vue.controller.HouseMapController   [0;39m [2m:[0;39m starbucks - í˜¸ì¶œ
[2m2021-11-24 11:23:41.831[0;39m [32m INFO[0;39m [35m13564[0;39m [2m---[0;39m [2m[nio-9999-exec-7][0;39m [36mc.s.vue.controller.HouseMapController   [0;39m [2m:[0;39m starbucks - í˜¸ì¶œ
[2m2021-11-24 11:23:42.230[0;39m [32m INFO[0;39m [35m13564[0;39m [2m---[0;39m [2m[nio-9999-exec-8][0;39m [36mc.s.vue.controller.HouseMapController   [0;39m [2m:[0;39m starbucks - í˜¸ì¶œ
[2m2021-11-24 11:23:42.514[0;39m [32m INFO[0;39m [35m13564[0;39m [2m---[0;39m [2m[nio-9999-exec-9][0;39m [36mc.s.vue.controller.HouseMapController   [0;39m [2m:[0;39m starbucks - í˜¸ì¶œ
[2m2021-11-24 11:23:50.459[0;39m [32m INFO[0;39m [35m13564[0;39m [2m---[0;39m [2m[io-9999-exec-10][0;39m [36mc.s.vue.controller.HouseMapController   [0;39m [2m:[0;39m starbucks - í˜¸ì¶œ
[2m2021-11-24 11:23:54.254[0;39m [32m INFO[0;39m [35m13564[0;39m [2m---[0;39m [2m[nio-9999-exec-1][0;39m [36mc.s.vue.controller.HouseMapController   [0;39m [2m:[0;39m starbucks - í˜¸ì¶œ
[2m2021-11-24 11:24:05.821[0;39m [32m INFO[0;39m [35m13564[0;39m [2m---[0;39m [2m[nio-9999-exec-2][0;39m [36mc.s.vue.controller.HouseMapController   [0;39m [2m:[0;39m starbucks - í˜¸ì¶œ
[2m2021-11-24 11:24:06.275[0;39m [32m INFO[0;39m [35m13564[0;39m [2m---[0;39m [2m[nio-9999-exec-3][0;39m [36mc.s.vue.controller.HouseMapController   [0;39m [2m:[0;39m starbucks - í˜¸ì¶œ
[2m2021-11-24 12:44:20.337[0;39m [32m INFO[0;39m [35m13564[0;39m [2m---[0;39m [2m[nio-9999-exec-5][0;39m [36mc.s.vue.controller.HouseMapController   [0;39m [2m:[0;39m starbucks - í˜¸ì¶œ
[2m2021-11-24 12:44:21.052[0;39m [32m INFO[0;39m [35m13564[0;39m [2m---[0;39m [2m[nio-9999-exec-6][0;39m [36mc.s.vue.controller.HouseMapController   [0;39m [2m:[0;39m starbucks - í˜¸ì¶œ
[2m2021-11-24 12:44:21.675[0;39m [32m INFO[0;39m [35m13564[0;39m [2m---[0;39m [2m[nio-9999-exec-7][0;39m [36mc.s.vue.controller.HouseMapController   [0;39m [2m:[0;39m starbucks - í˜¸ì¶œ
[2m2021-11-24 12:44:53.459[0;39m [32m INFO[0;39m [35m13564[0;39m [2m---[0;39m [2m[nio-9999-exec-8][0;39m [36mc.s.vue.controller.HouseMapController   [0;39m [2m:[0;39m starbucks - í˜¸ì¶œ
[2m2021-11-24 12:44:55.138[0;39m [32m INFO[0;39m [35m13564[0;39m [2m---[0;39m [2m[nio-9999-exec-9][0;39m [36mc.s.vue.controller.HouseMapController   [0;39m [2m:[0;39m sido - í˜¸ì¶œ
[2m2021-11-24 12:44:58.754[0;39m [32m INFO[0;39m [35m13564[0;39m [2m---[0;39m [2m[io-9999-exec-10][0;39m [36mc.s.vue.controller.HouseMapController   [0;39m [2m:[0;39m gugun - í˜¸ì¶œ
[2m2021-11-24 12:45:00.597[0;39m [32m INFO[0;39m [35m13564[0;39m [2m---[0;39m [2m[nio-9999-exec-1][0;39m [36mc.s.vue.controller.HouseMapController   [0;39m [2m:[0;39m starbucks - í˜¸ì¶œ
[2m2021-11-24 12:45:41.388[0;39m [32m INFO[0;39m [35m13564[0;39m [2m---[0;39m [2m[nio-9999-exec-2][0;39m [36mc.s.vue.controller.HouseMapController   [0;39m [2m:[0;39m starbucks - í˜¸ì¶œ
[2m2021-11-24 12:45:44.432[0;39m [32m INFO[0;39m [35m13564[0;39m [2m---[0;39m [2m[nio-9999-exec-3][0;39m [36mc.s.vue.controller.HouseMapController   [0;39m [2m:[0;39m starbucks - í˜¸ì¶œ
[2m2021-11-24 12:45:44.985[0;39m [32m INFO[0;39m [35m13564[0;39m [2m---[0;39m [2m[nio-9999-exec-4][0;39m [36mc.s.vue.controller.HouseMapController   [0;39m [2m:[0;39m starbucks - í˜¸ì¶œ
[2m2021-11-24 12:45:45.308[0;39m [32m INFO[0;39m [35m13564[0;39m [2m---[0;39m [2m[nio-9999-exec-5][0;39m [36mc.s.vue.controller.HouseMapController   [0;39m [2m:[0;39m starbucks - í˜¸ì¶œ
[2m2021-11-24 12:46:16.555[0;39m [32m INFO[0;39m [35m13564[0;39m [2m---[0;39m [2m[nio-9999-exec-6][0;39m [36mc.s.vue.controller.HouseMapController   [0;39m [2m:[0;39m starbucks - í˜¸ì¶œ
[2m2021-11-24 12:46:25.699[0;39m [32m INFO[0;39m [35m13564[0;39m [2m---[0;39m [2m[nio-9999-exec-7][0;39m [36mc.s.vue.controller.HouseMapController   [0;39m [2m:[0;39m starbucks - í˜¸ì¶œ
[2m2021-11-24 12:46:28.341[0;39m [32m INFO[0;39m [35m13564[0;39m [2m---[0;39m [2m[nio-9999-exec-8][0;39m [36mc.s.vue.controller.HouseMapController   [0;39m [2m:[0;39m starbucks - í˜¸ì¶œ
[2m2021-11-24 12:46:28.904[0;39m [32m INFO[0;39m [35m13564[0;39m [2m---[0;39m [2m[nio-9999-exec-9][0;39m [36mc.s.vue.controller.HouseMapController   [0;39m [2m:[0;39m starbucks - í˜¸ì¶œ
[2m2021-11-24 12:46:29.299[0;39m [32m INFO[0;39m [35m13564[0;39m [2m---[0;39m [2m[io-9999-exec-10][0;39m [36mc.s.vue.controller.HouseMapController   [0;39m [2m:[0;39m starbucks - í˜¸ì¶œ
[2m2021-11-24 12:46:29.606[0;39m [32m INFO[0;39m [35m13564[0;39m [2m---[0;39m [2m[nio-9999-exec-1][0;39m [36mc.s.vue.controller.HouseMapController   [0;39m [2m:[0;39m starbucks - í˜¸ì¶œ
[2m2021-11-24 12:46:40.669[0;39m [32m INFO[0;39m [35m13564[0;39m [2m---[0;39m [2m[nio-9999-exec-2][0;39m [36mc.s.vue.controller.HouseMapController   [0;39m [2m:[0;39m starbucks - í˜¸ì¶œ
[2m2021-11-24 12:46:41.235[0;39m [32m INFO[0;39m [35m13564[0;39m [2m---[0;39m [2m[nio-9999-exec-3][0;39m [36mc.s.vue.controller.HouseMapController   [0;39m [2m:[0;39m starbucks - í˜¸ì¶œ
[2m2021-11-24 12:58:48.877[0;39m [32m INFO[0;39m [35m13564[0;39m [2m---[0;39m [2m[nio-9999-exec-5][0;39m [36mc.s.vue.controller.HouseMapController   [0;39m [2m:[0;39m sido - í˜¸ì¶œ
[2m2021-11-24 12:58:50.576[0;39m [32m INFO[0;39m [35m13564[0;39m [2m---[0;39m [2m[nio-9999-exec-6][0;39m [36mc.s.vue.controller.HouseMapController   [0;39m [2m:[0;39m gugun - í˜¸ì¶œ
[2m2021-11-24 12:58:55.298[0;39m [32m INFO[0;39m [35m13564[0;39m [2m---[0;39m [2m[nio-9999-exec-7][0;39m [36mc.s.vue.controller.HouseMapController   [0;39m [2m:[0;39m starbucks - í˜¸ì¶œ
[2m2021-11-24 13:01:37.046[0;39m [32m INFO[0;39m [35m13564[0;39m [2m---[0;39m [2m[nio-9999-exec-9][0;39m [36mc.s.vue.controller.HouseMapController   [0;39m [2m:[0;39m starbucks - í˜¸ì¶œ
[2m2021-11-24 13:01:52.920[0;39m [32m INFO[0;39m [35m13564[0;39m [2m---[0;39m [2m[io-9999-exec-10][0;39m [36mc.s.vue.controller.HouseMapController   [0;39m [2m:[0;39m starbucks - í˜¸ì¶œ
[2m2021-11-24 13:02:12.493[0;39m [32m INFO[0;39m [35m13564[0;39m [2m---[0;39m [2m[nio-9999-exec-1][0;39m [36mc.s.vue.controller.HouseMapController   [0;39m [2m:[0;39m starbucks - í˜¸ì¶œ
[2m2021-11-24 13:02:14.748[0;39m [32m INFO[0;39m [35m13564[0;39m [2m---[0;39m [2m[nio-9999-exec-2][0;39m [36mc.s.vue.controller.HouseMapController   [0;39m [2m:[0;39m starbucks - í˜¸ì¶œ
[2m2021-11-24 13:02:15.374[0;39m [32m INFO[0;39m [35m13564[0;39m [2m---[0;39m [2m[nio-9999-exec-3][0;39m [36mc.s.vue.controller.HouseMapController   [0;39m [2m:[0;39m starbucks - í˜¸ì¶œ
[2m2021-11-24 13:02:15.946[0;39m [32m INFO[0;39m [35m13564[0;39m [2m---[0;39m [2m[nio-9999-exec-4][0;39m [36mc.s.vue.controller.HouseMapController   [0;39m [2m:[0;39m starbucks - í˜¸ì¶œ
[2m2021-11-24 13:02:17.701[0;39m [32m INFO[0;39m [35m13564[0;39m [2m---[0;39m [2m[nio-9999-exec-5][0;39m [36mc.s.vue.controller.HouseMapController   [0;39m [2m:[0;39m starbucks - í˜¸ì¶œ
[2m2021-11-24 13:02:18.221[0;39m [32m INFO[0;39m [35m13564[0;39m [2m---[0;39m [2m[nio-9999-exec-6][0;39m [36mc.s.vue.controller.HouseMapController   [0;39m [2m:[0;39m starbucks - í˜¸ì¶œ
[2m2021-11-24 13:02:19.519[0;39m [32m INFO[0;39m [35m13564[0;39m [2m---[0;39m [2m[nio-9999-exec-7][0;39m [36mc.s.vue.controller.HouseMapController   [0;39m [2m:[0;39m starbucks - í˜¸ì¶œ
[2m2021-11-24 13:02:20.191[0;39m [32m INFO[0;39m [35m13564[0;39m [2m---[0;39m [2m[nio-9999-exec-8][0;39m [36mc.s.vue.controller.HouseMapController   [0;39m [2m:[0;39m starbucks - í˜¸ì¶œ
[2m2021-11-24 13:02:20.685[0;39m [32m INFO[0;39m [35m13564[0;39m [2m---[0;39m [2m[nio-9999-exec-9][0;39m [36mc.s.vue.controller.HouseMapController   [0;39m [2m:[0;39m starbucks - í˜¸ì¶œ
[2m2021-11-24 13:02:33.612[0;39m [32m INFO[0;39m [35m13564[0;39m [2m---[0;39m [2m[io-9999-exec-10][0;39m [36mc.s.vue.controller.HouseMapController   [0;39m [2m:[0;39m starbucks - í˜¸ì¶œ
[2m2021-11-24 13:02:34.219[0;39m [32m INFO[0;39m [35m13564[0;39m [2m---[0;39m [2m[nio-9999-exec-1][0;39m [36mc.s.vue.controller.HouseMapController   [0;39m [2m:[0;39m starbucks - í˜¸ì¶œ
[2m2021-11-24 13:02:35.392[0;39m [32m INFO[0;39m [35m13564[0;39m [2m---[0;39m [2m[nio-9999-exec-2][0;39m [36mc.s.vue.controller.HouseMapController   [0;39m [2m:[0;39m starbucks - í˜¸ì¶œ
[2m2021-11-24 13:04:32.131[0;39m [32m INFO[0;39m [35m13564[0;39m [2m---[0;39m [2m[nio-9999-exec-4][0;39m [36mc.s.vue.controller.HouseMapController   [0;39m [2m:[0;39m starbucks - í˜¸ì¶œ
[2m2021-11-24 13:04:34.768[0;39m [32m INFO[0;39m [35m13564[0;39m [2m---[0;39m [2m[nio-9999-exec-5][0;39m [36mc.s.vue.controller.HouseMapController   [0;39m [2m:[0;39m starbucks - í˜¸ì¶œ
[2m2021-11-24 13:04:35.324[0;39m [32m INFO[0;39m [35m13564[0;39m [2m---[0;39m [2m[nio-9999-exec-6][0;39m [36mc.s.vue.controller.HouseMapController   [0;39m [2m:[0;39m starbucks - í˜¸ì¶œ
[2m2021-11-24 13:04:35.895[0;39m [32m INFO[0;39m [35m13564[0;39m [2m---[0;39m [2m[nio-9999-exec-7][0;39m [36mc.s.vue.controller.HouseMapController   [0;39m [2m:[0;39m starbucks - í˜¸ì¶œ
[2m2021-11-24 13:04:36.478[0;39m [32m INFO[0;39m [35m13564[0;39m [2m---[0;39m [2m[nio-9999-exec-8][0;39m [36mc.s.vue.controller.HouseMapController   [0;39m [2m:[0;39m starbucks - í˜¸ì¶œ
[2m2021-11-24 13:04:36.901[0;39m [32m INFO[0;39m [35m13564[0;39m [2m---[0;39m [2m[nio-9999-exec-9][0;39m [36mc.s.vue.controller.HouseMapController   [0;39m [2m:[0;39m starbucks - í˜¸ì¶œ
[2m2021-11-24 13:04:42.657[0;39m [32m INFO[0;39m [35m13564[0;39m [2m---[0;39m [2m[io-9999-exec-10][0;39m [36mc.s.vue.controller.HouseMapController   [0;39m [2m:[0;39m starbucks - í˜¸ì¶œ
[2m2021-11-24 13:04:43.343[0;39m [32m INFO[0;39m [35m13564[0;39m [2m---[0;39m [2m[nio-9999-exec-1][0;39m [36mc.s.vue.controller.HouseMapController   [0;39m [2m:[0;39m starbucks - í˜¸ì¶œ
[2m2021-11-24 13:06:36.710[0;39m [32m INFO[0;39m [35m13564[0;39m [2m---[0;39m [2m[nio-9999-exec-3][0;39m [36mc.s.vue.controller.HouseMapController   [0;39m [2m:[0;39m starbucks - í˜¸ì¶œ
[2m2021-11-24 13:06:37.285[0;39m [32m INFO[0;39m [35m13564[0;39m [2m---[0;39m [2m[nio-9999-exec-4][0;39m [36mc.s.vue.controller.HouseMapController   [0;39m [2m:[0;39m starbucks - í˜¸ì¶œ
[2m2021-11-24 13:06:38.134[0;39m [32m INFO[0;39m [35m13564[0;39m [2m---[0;39m [2m[nio-9999-exec-5][0;39m [36mc.s.vue.controller.HouseMapController   [0;39m [2m:[0;39m starbucks - í˜¸ì¶œ
[2m2021-11-24 13:06:38.635[0;39m [32m INFO[0;39m [35m13564[0;39m [2m---[0;39m [2m[nio-9999-exec-6][0;39m [36mc.s.vue.controller.HouseMapController   [0;39m [2m:[0;39m starbucks - í˜¸ì¶œ
[2m2021-11-24 13:06:54.146[0;39m [32m INFO[0;39m [35m13564[0;39m [2m---[0;39m [2m[nio-9999-exec-7][0;39m [36mc.s.vue.controller.HouseMapController   [0;39m [2m:[0;39m starbucks - í˜¸ì¶œ
[2m2021-11-24 13:06:55.527[0;39m [32m INFO[0;39m [35m13564[0;39m [2m---[0;39m [2m[nio-9999-exec-8][0;39m [36mc.s.vue.controller.HouseMapController   [0;39m [2m:[0;39m sido - í˜¸ì¶œ
[2m2021-11-24 13:06:56.534[0;39m [32m INFO[0;39m [35m13564[0;39m [2m---[0;39m [2m[nio-9999-exec-9][0;39m [36mc.s.vue.controller.HouseMapController   [0;39m [2m:[0;39m sido - í˜¸ì¶œ
[2m2021-11-24 13:06:59.935[0;39m [32m INFO[0;39m [35m13564[0;39m [2m---[0;39m [2m[io-9999-exec-10][0;39m [36mc.s.vue.controller.HouseMapController   [0;39m [2m:[0;39m gugun - í˜¸ì¶œ
[2m2021-11-24 13:07:01.196[0;39m [32m INFO[0;39m [35m13564[0;39m [2m---[0;39m [2m[nio-9999-exec-1][0;39m [36mc.s.vue.controller.HouseMapController   [0;39m [2m:[0;39m starbucks - í˜¸ì¶œ
[2m2021-11-24 13:08:00.317[0;39m [32m INFO[0;39m [35m13564[0;39m [2m---[0;39m [2m[nio-9999-exec-2][0;39m [36mc.s.vue.controller.HouseMapController   [0;39m [2m:[0;39m sido - í˜¸ì¶œ
[2m2021-11-24 13:08:01.826[0;39m [32m INFO[0;39m [35m13564[0;39m [2m---[0;39m [2m[nio-9999-exec-3][0;39m [36mc.s.vue.controller.HouseMapController   [0;39m [2m:[0;39m starbucks - í˜¸ì¶œ
[2m2021-11-24 13:08:02.519[0;39m [32m INFO[0;39m [35m13564[0;39m [2m---[0;39m [2m[nio-9999-exec-4][0;39m [36mc.s.vue.controller.HouseMapController   [0;39m [2m:[0;39m starbucks - í˜¸ì¶œ
[2m2021-11-24 13:08:03.030[0;39m [32m INFO[0;39m [35m13564[0;39m [2m---[0;39m [2m[nio-9999-exec-5][0;39m [36mc.s.vue.controller.HouseMapController   [0;39m [2m:[0;39m starbucks - í˜¸ì¶œ
[2m2021-11-24 13:08:21.505[0;39m [32m INFO[0;39m [35m13564[0;39m [2m---[0;39m [2m[nio-9999-exec-6][0;39m [36mc.s.vue.controller.HouseMapController   [0;39m [2m:[0;39m starbucks - í˜¸ì¶œ
[2m2021-11-24 13:08:54.974[0;39m [32m INFO[0;39m [35m13564[0;39m [2m---[0;39m [2m[nio-9999-exec-7][0;39m [36mc.s.vue.controller.HouseMapController   [0;39m [2m:[0;39m starbucks - í˜¸ì¶œ
[2m2021-11-24 13:09:20.463[0;39m [32m INFO[0;39m [35m13564[0;39m [2m---[0;39m [2m[nio-9999-exec-8][0;39m [36mc.s.vue.controller.HouseMapController   [0;39m [2m:[0;39m starbucks - í˜¸ì¶œ
[2m2021-11-24 13:09:33.693[0;39m [32m INFO[0;39m [35m13564[0;39m [2m---[0;39m [2m[nio-9999-exec-9][0;39m [36mc.s.vue.controller.HouseMapController   [0;39m [2m:[0;39m starbucks - í˜¸ì¶œ
[2m2021-11-24 13:09:55.140[0;39m [32m INFO[0;39m [35m13564[0;39m [2m---[0;39m [2m[io-9999-exec-10][0;39m [36mc.s.vue.controller.HouseMapController   [0;39m [2m:[0;39m starbucks - í˜¸ì¶œ
[2m2021-11-24 13:12:49.771[0;39m [32m INFO[0;39m [35m13564[0;39m [2m---[0;39m [2m[nio-9999-exec-2][0;39m [36mc.s.vue.controller.HouseMapController   [0;39m [2m:[0;39m starbucks - í˜¸ì¶œ
[2m2021-11-24 13:12:50.573[0;39m [32m INFO[0;39m [35m13564[0;39m [2m---[0;39m [2m[nio-9999-exec-3][0;39m [36mc.s.vue.controller.HouseMapController   [0;39m [2m:[0;39m starbucks - í˜¸ì¶œ
[2m2021-11-24 13:13:10.893[0;39m [32m INFO[0;39m [35m13564[0;39m [2m---[0;39m [2m[nio-9999-exec-4][0;39m [36mc.s.vue.controller.HouseMapController   [0;39m [2m:[0;39m starbucks - í˜¸ì¶œ
[2m2021-11-24 13:13:11.361[0;39m [32m INFO[0;39m [35m13564[0;39m [2m---[0;39m [2m[nio-9999-exec-5][0;39m [36mc.s.vue.controller.HouseMapController   [0;39m [2m:[0;39m starbucks - í˜¸ì¶œ
[2m2021-11-24 13:13:36.132[0;39m [32m INFO[0;39m [35m13564[0;39m [2m---[0;39m [2m[nio-9999-exec-6][0;39m [36mc.s.vue.controller.HouseMapController   [0;39m [2m:[0;39m starbucks - í˜¸ì¶œ
[2m2021-11-24 13:13:36.701[0;39m [32m INFO[0;39m [35m13564[0;39m [2m---[0;39m [2m[nio-9999-exec-7][0;39m [36mc.s.vue.controller.HouseMapController   [0;39m [2m:[0;39m starbucks - í˜¸ì¶œ
[2m2021-11-24 13:14:28.645[0;39m [32m INFO[0;39m [35m13564[0;39m [2m---[0;39m [2m[nio-9999-exec-8][0;39m [36mc.s.vue.controller.HouseMapController   [0;39m [2m:[0;39m sido - í˜¸ì¶œ
[2m2021-11-24 13:14:30.200[0;39m [32m INFO[0;39m [35m13564[0;39m [2m---[0;39m [2m[nio-9999-exec-9][0;39m [36mc.s.vue.controller.HouseMapController   [0;39m [2m:[0;39m starbucks - í˜¸ì¶œ
[2m2021-11-24 13:18:50.601[0;39m [32m INFO[0;39m [35m13564[0;39m [2m---[0;39m [2m[nio-9999-exec-1][0;39m [36mc.s.vue.controller.HouseMapController   [0;39m [2m:[0;39m starbucks - í˜¸ì¶œ
[2m2021-11-24 13:19:11.808[0;39m [32m INFO[0;39m [35m13564[0;39m [2m---[0;39m [2m[nio-9999-exec-2][0;39m [36mc.s.vue.controller.HouseMapController   [0;39m [2m:[0;39m starbucks - í˜¸ì¶œ
[2m2021-11-24 13:19:23.314[0;39m [32m INFO[0;39m [35m13564[0;39m [2m---[0;39m [2m[nio-9999-exec-3][0;39m [36mc.s.vue.controller.HouseMapController   [0;39m [2m:[0;39m starbucks - í˜¸ì¶œ
[2m2021-11-24 13:19:35.919[0;39m [32m INFO[0;39m [35m13564[0;39m [2m---[0;39m [2m[nio-9999-exec-4][0;39m [36mc.s.vue.controller.HouseMapController   [0;39m [2m:[0;39m starbucks - í˜¸ì¶œ
[2m2021-11-24 13:20:16.415[0;39m [32m INFO[0;39m [35m13564[0;39m [2m---[0;39m [2m[nio-9999-exec-5][0;39m [36mc.s.vue.controller.HouseMapController   [0;39m [2m:[0;39m sido - í˜¸ì¶œ
[2m2021-11-24 13:20:17.569[0;39m [32m INFO[0;39m [35m13564[0;39m [2m---[0;39m [2m[nio-9999-exec-6][0;39m [36mc.s.vue.controller.HouseMapController   [0;39m [2m:[0;39m gugun - í˜¸ì¶œ
[2m2021-11-24 13:23:52.818[0;39m [32m INFO[0;39m [35m13564[0;39m [2m---[0;39m [2m[nio-9999-exec-8][0;39m [36mc.s.vue.controller.HouseMapController   [0;39m [2m:[0;39m sido - í˜¸ì¶œ
[2m2021-11-24 13:24:12.904[0;39m [32m INFO[0;39m [35m13564[0;39m [2m---[0;39m [2m[nio-9999-exec-9][0;39m [36mc.s.vue.controller.HouseMapController   [0;39m [2m:[0;39m starbucks - í˜¸ì¶œ
[2m2021-11-24 13:24:17.061[0;39m [32m INFO[0;39m [35m13564[0;39m [2m---[0;39m [2m[io-9999-exec-10][0;39m [36mc.s.vue.controller.HouseMapController   [0;39m [2m:[0;39m starbucks - í˜¸ì¶œ
[2m2021-11-24 13:24:17.797[0;39m [32m INFO[0;39m [35m13564[0;39m [2m---[0;39m [2m[nio-9999-exec-1][0;39m [36mc.s.vue.controller.HouseMapController   [0;39m [2m:[0;39m starbucks - í˜¸ì¶œ
[2m2021-11-24 13:37:27.453[0;39m [32m INFO[0;39m [35m13564[0;39m [2m---[0;39m [2m[nio-9999-exec-3][0;39m [36mc.s.vue.controller.HouseMapController   [0;39m [2m:[0;39m sido - í˜¸ì¶œ
[2m2021-11-24 13:37:31.172[0;39m [32m INFO[0;39m [35m13564[0;39m [2m---[0;39m [2m[nio-9999-exec-4][0;39m [36mc.s.vue.controller.HouseMapController   [0;39m [2m:[0;39m sido - í˜¸ì¶œ
[2m2021-11-24 13:37:32.311[0;39m [32m INFO[0;39m [35m13564[0;39m [2m---[0;39m [2m[nio-9999-exec-5][0;39m [36mc.s.vue.controller.HouseMapController   [0;39m [2m:[0;39m starbucks - í˜¸ì¶œ
[2m2021-11-24 13:38:57.137[0;39m [32m INFO[0;39m [35m13564[0;39m [2m---[0;39m [2m[nio-9999-exec-7][0;39m [36mc.s.vue.controller.HouseMapController   [0;39m [2m:[0;39m gugun - í˜¸ì¶œ
[2m2021-11-24 13:38:58.383[0;39m [32m INFO[0;39m [35m13564[0;39m [2m---[0;39m [2m[nio-9999-exec-8][0;39m [36mc.s.vue.controller.HouseMapController   [0;39m [2m:[0;39m starbucks - í˜¸ì¶œ
[2m2021-11-24 13:39:38.887[0;39m [32m INFO[0;39m [35m13564[0;39m [2m---[0;39m [2m[nio-9999-exec-9][0;39m [36mc.s.vue.controller.HouseMapController   [0;39m [2m:[0;39m starbucks - í˜¸ì¶œ
[2m2021-11-24 13:39:52.859[0;39m [32m INFO[0;39m [35m13564[0;39m [2m---[0;39m [2m[io-9999-exec-10][0;39m [36mc.s.vue.controller.HouseMapController   [0;39m [2m:[0;39m starbucks - í˜¸ì¶œ
[2m2021-11-24 13:40:17.096[0;39m [32m INFO[0;39m [35m13564[0;39m [2m---[0;39m [2m[nio-9999-exec-1][0;39m [36mc.s.vue.controller.HouseMapController   [0;39m [2m:[0;39m starbucks - í˜¸ì¶œ
[2m2021-11-24 13:40:30.454[0;39m [32m INFO[0;39m [35m13564[0;39m [2m---[0;39m [2m[nio-9999-exec-2][0;39m [36mc.s.vue.controller.HouseMapController   [0;39m [2m:[0;39m starbucks - í˜¸ì¶œ
[2m2021-11-24 13:40:31.729[0;39m [32m INFO[0;39m [35m13564[0;39m [2m---[0;39m [2m[nio-9999-exec-3][0;39m [36mc.s.vue.controller.HouseMapController   [0;39m [2m:[0;39m starbucks - í˜¸ì¶œ
[2m2021-11-24 13:45:59.228[0;39m [32m INFO[0;39m [35m13564[0;39m [2m---[0;39m [2m[nio-9999-exec-5][0;39m [36mc.s.vue.controller.HouseMapController   [0;39m [2m:[0;39m starbucks - í˜¸ì¶œ
[2m2021-11-24 13:46:05.949[0;39m [32m INFO[0;39m [35m13564[0;39m [2m---[0;39m [2m[nio-9999-exec-6][0;39m [36mc.s.vue.controller.HouseMapController   [0;39m [2m:[0;39m sido - í˜¸ì¶œ
[2m2021-11-24 13:46:08.370[0;39m [32m INFO[0;39m [35m13564[0;39m [2m---[0;39m [2m[nio-9999-exec-7][0;39m [36mc.s.vue.controller.HouseMapController   [0;39m [2m:[0;39m gugun - í˜¸ì¶œ
[2m2021-11-24 13:46:09.924[0;39m [32m INFO[0;39m [35m13564[0;39m [2m---[0;39m [2m[nio-9999-exec-8][0;39m [36mc.s.vue.controller.HouseMapController   [0;39m [2m:[0;39m starbucks - í˜¸ì¶œ
[2m2021-11-24 13:59:47.061[0;39m [32m INFO[0;39m [35m13564[0;39m [2m---[0;39m [2m[io-9999-exec-10][0;39m [36mc.s.vue.controller.HouseMapController   [0;39m [2m:[0;39m gugun - í˜¸ì¶œ
[2m2021-11-24 13:59:53.754[0;39m [32m INFO[0;39m [35m13564[0;39m [2m---[0;39m [2m[nio-9999-exec-1][0;39m [36mc.s.vue.controller.HouseMapController   [0;39m [2m:[0;39m sido - í˜¸ì¶œ
[2m2021-11-24 13:59:57.726[0;39m [32m INFO[0;39m [35m13564[0;39m [2m---[0;39m [2m[nio-9999-exec-2][0;39m [36mc.s.vue.controller.HouseMapController   [0;39m [2m:[0;39m gugun - í˜¸ì¶œ
[2m2021-11-24 14:00:25.402[0;39m [32m INFO[0;39m [35m13564[0;39m [2m---[0;39m [2m[nio-9999-exec-3][0;39m [36mc.s.vue.controller.HouseMapController   [0;39m [2m:[0;39m starbucks - í˜¸ì¶œ
[2m2021-11-24 14:26:36.152[0;39m [32m INFO[0;39m [35m13564[0;39m [2m---[0;39m [2m[nio-9999-exec-5][0;39m [36mc.s.vue.controller.HouseMapController   [0;39m [2m:[0;39m sido - í˜¸ì¶œ
[2m2021-11-24 14:37:29.816[0;39m [32m INFO[0;39m [35m13564[0;39m [2m---[0;39m [2m[nio-9999-exec-7][0;39m [36mc.s.vue.controller.HouseMapController   [0;39m [2m:[0;39m gugun - í˜¸ì¶œ
[2m2021-11-24 14:37:32.242[0;39m [32m INFO[0;39m [35m13564[0;39m [2m---[0;39m [2m[nio-9999-exec-8][0;39m [36mc.s.vue.controller.HouseMapController   [0;39m [2m:[0;39m sido - í˜¸ì¶œ
[2m2021-11-24 14:37:33.818[0;39m [32m INFO[0;39m [35m13564[0;39m [2m---[0;39m [2m[nio-9999-exec-9][0;39m [36mc.s.vue.controller.HouseMapController   [0;39m [2m:[0;39m gugun - í˜¸ì¶œ
[2m2021-11-24 14:37:49.508[0;39m [32m INFO[0;39m [35m13564[0;39m [2m---[0;39m [2m[io-9999-exec-10][0;39m [36mc.s.vue.controller.HouseMapController   [0;39m [2m:[0;39m sido - í˜¸ì¶œ
[2m2021-11-24 14:37:55.106[0;39m [32m INFO[0;39m [35m13564[0;39m [2m---[0;39m [2m[nio-9999-exec-1][0;39m [36mc.s.vue.controller.HouseMapController   [0;39m [2m:[0;39m starbucks - í˜¸ì¶œ
[2m2021-11-24 14:44:38.644[0;39m [32m INFO[0;39m [35m13564[0;39m [2m---[0;39m [2m[nio-9999-exec-3][0;39m [36mc.s.vue.controller.HouseMapController   [0;39m [2m:[0;39m gugun - í˜¸ì¶œ
[2m2021-11-24 14:44:41.150[0;39m [32m INFO[0;39m [35m13564[0;39m [2m---[0;39m [2m[nio-9999-exec-4][0;39m [36mc.s.vue.controller.HouseMapController   [0;39m [2m:[0;39m starbucks - í˜¸ì¶œ
[2m2021-11-24 14:44:41.629[0;39m [32m INFO[0;39m [35m13564[0;39m [2m---[0;39m [2m[nio-9999-exec-5][0;39m [36mc.s.vue.controller.HouseMapController   [0;39m [2m:[0;39m starbucks - í˜¸ì¶œ
[2m2021-11-24 14:44:42.000[0;39m [32m INFO[0;39m [35m13564[0;39m [2m---[0;39m [2m[nio-9999-exec-6][0;39m [36mc.s.vue.controller.HouseMapController   [0;39m [2m:[0;39m starbucks - í˜¸ì¶œ
[2m2021-11-24 14:44:42.336[0;39m [32m INFO[0;39m [35m13564[0;39m [2m---[0;39m [2m[nio-9999-exec-7][0;39m [36mc.s.vue.controller.HouseMapController   [0;39m [2m:[0;39m starbucks - í˜¸ì¶œ
[2m2021-11-24 14:44:42.755[0;39m [32m INFO[0;39m [35m13564[0;39m [2m---[0;39m [2m[nio-9999-exec-8][0;39m [36mc.s.vue.controller.HouseMapController   [0;39m [2m:[0;39m starbucks - í˜¸ì¶œ
[2m2021-11-24 14:44:43.085[0;39m [32m INFO[0;39m [35m13564[0;39m [2m---[0;39m [2m[nio-9999-exec-9][0;39m [36mc.s.vue.controller.HouseMapController   [0;39m [2m:[0;39m starbucks - í˜¸ì¶œ
[2m2021-11-24 14:44:43.409[0;39m [32m INFO[0;39m [35m13564[0;39m [2m---[0;39m [2m[io-9999-exec-10][0;39m [36mc.s.vue.controller.HouseMapController   [0;39m [2m:[0;39m starbucks - í˜¸ì¶œ
[2m2021-11-24 14:44:43.667[0;39m [32m INFO[0;39m [35m13564[0;39m [2m---[0;39m [2m[nio-9999-exec-1][0;39m [36mc.s.vue.controller.HouseMapController   [0;39m [2m:[0;39m starbucks - í˜¸ì¶œ
[2m2021-11-24 16:18:03.304[0;39m [32m INFO[0;39m [35m13564[0;39m [2m---[0;39m [2m[nio-9999-exec-3][0;39m [36mc.s.vue.controller.HouseMapController   [0;39m [2m:[0;39m sido - í˜¸ì¶œ
[2m2021-11-24 16:18:36.703[0;39m [32m INFO[0;39m [35m13564[0;39m [2m---[0;39m [2m[nio-9999-exec-4][0;39m [36mc.ssafy.vue.controller.BoardController  [0;39m [2m:[0;39m listArticle - í˜¸ì¶œ
[2m2021-11-24 16:18:36.703[0;39m [32m INFO[0;39m [35m13564[0;39m [2m---[0;39m [2m[nio-9999-exec-5][0;39m [36mc.ssafy.vue.controller.BoardController  [0;39m [2m:[0;39m deleteArticle - í˜¸ì¶œ
[2m2021-11-24 16:18:47.345[0;39m [32m INFO[0;39m [35m13564[0;39m [2m---[0;39m [2m[nio-9999-exec-6][0;39m [36mc.s.vue.controller.HouseMapController   [0;39m [2m:[0;39m sido - í˜¸ì¶œ
[2m2021-11-24 16:18:51.625[0;39m [32m INFO[0;39m [35m13564[0;39m [2m---[0;39m [2m[nio-9999-exec-7][0;39m [36mc.s.vue.controller.HouseMapController   [0;39m [2m:[0;39m sido - í˜¸ì¶œ
[2m2021-11-24 16:38:17.575[0;39m [32m INFO[0;39m [35m13564[0;39m [2m---[0;39m [2m[io-9999-exec-10][0;39m [36mc.s.vue.controller.HouseMapController   [0;39m [2m:[0;39m sido - í˜¸ì¶œ
[2m2021-11-24 16:38:22.426[0;39m [32m INFO[0;39m [35m13564[0;39m [2m---[0;39m [2m[nio-9999-exec-1][0;39m [36mc.s.vue.controller.HouseMapController   [0;39m [2m:[0;39m starbucks - í˜¸ì¶œ
[2m2021-11-24 16:38:23.134[0;39m [32m INFO[0;39m [35m13564[0;39m [2m---[0;39m [2m[nio-9999-exec-2][0;39m [36mc.s.vue.controller.HouseMapController   [0;39m [2m:[0;39m starbucks - í˜¸ì¶œ
[2m2021-11-24 16:38:24.914[0;39m [32m INFO[0;39m [35m13564[0;39m [2m---[0;39m [2m[nio-9999-exec-3][0;39m [36mc.s.vue.controller.HouseMapController   [0;39m [2m:[0;39m starbucks - í˜¸ì¶œ
[2m2021-11-24 16:40:11.700[0;39m [32m INFO[0;39m [35m13564[0;39m [2m---[0;39m [2m[nio-9999-exec-4][0;39m [36mc.s.vue.controller.HouseMapController   [0;39m [2m:[0;39m starbucks - í˜¸ì¶œ
[2m2021-11-24 16:40:17.090[0;39m [32m INFO[0;39m [35m13564[0;39m [2m---[0;39m [2m[nio-9999-exec-6][0;39m [36mc.s.vue.controller.HouseMapController   [0;39m [2m:[0;39m starbucks - í˜¸ì¶œ
[2m2021-11-24 16:40:20.511[0;39m [32m INFO[0;39m [35m13564[0;39m [2m---[0;39m [2m[nio-9999-exec-7][0;39m [36mc.s.vue.controller.HouseMapController   [0;39m [2m:[0;39m gugun - í˜¸ì¶œ
[2m2021-11-24 16:40:23.032[0;39m [32m INFO[0;39m [35m13564[0;39m [2m---[0;39m [2m[nio-9999-exec-8][0;39m [36mc.s.vue.controller.HouseMapController   [0;39m [2m:[0;39m starbucks - í˜¸ì¶œ
[2m2021-11-24 16:40:23.519[0;39m [32m INFO[0;39m [35m13564[0;39m [2m---[0;39m [2m[nio-9999-exec-9][0;39m [36mc.s.vue.controller.HouseMapController   [0;39m [2m:[0;39m starbucks - í˜¸ì¶œ
[2m2021-11-24 16:40:26.798[0;39m [32m INFO[0;39m [35m13564[0;39m [2m---[0;39m [2m[io-9999-exec-10][0;39m [36mc.s.vue.controller.HouseMapController   [0;39m [2m:[0;39m starbucks - í˜¸ì¶œ
[2m2021-11-24 16:40:27.233[0;39m [32m INFO[0;39m [35m13564[0;39m [2m---[0;39m [2m[nio-9999-exec-1][0;39m [36mc.s.vue.controller.HouseMapController   [0;39m [2m:[0;39m starbucks - í˜¸ì¶œ
[2m2021-11-24 16:40:27.686[0;39m [32m INFO[0;39m [35m13564[0;39m [2m---[0;39m [2m[nio-9999-exec-2][0;39m [36mc.s.vue.controller.HouseMapController   [0;39m [2m:[0;39m starbucks - í˜¸ì¶œ
[2m2021-11-24 16:40:30.268[0;39m [32m INFO[0;39m [35m13564[0;39m [2m---[0;39m [2m[nio-9999-exec-3][0;39m [36mc.s.vue.controller.HouseMapController   [0;39m [2m:[0;39m starbucks - í˜¸ì¶œ
[2m2021-11-24 16:40:31.216[0;39m [32m INFO[0;39m [35m13564[0;39m [2m---[0;39m [2m[nio-9999-exec-5][0;39m [36mc.s.vue.controller.HouseMapController   [0;39m [2m:[0;39m starbucks - í˜¸ì¶œ
[2m2021-11-24 16:41:58.656[0;39m [32m INFO[0;39m [35m13564[0;39m [2m---[0;39m [2m[nio-9999-exec-6][0;39m [36mc.s.vue.controller.HouseMapController   [0;39m [2m:[0;39m starbucks - í˜¸ì¶œ
[2m2021-11-24 16:41:59.500[0;39m [32m INFO[0;39m [35m13564[0;39m [2m---[0;39m [2m[nio-9999-exec-7][0;39m [36mc.s.vue.controller.HouseMapController   [0;39m [2m:[0;39m starbucks - í˜¸ì¶œ
[2m2021-11-24 16:42:01.470[0;39m [32m INFO[0;39m [35m13564[0;39m [2m---[0;39m [2m[nio-9999-exec-8][0;39m [36mc.s.vue.controller.HouseMapController   [0;39m [2m:[0;39m starbucks - í˜¸ì¶œ
[2m2021-11-24 18:49:52.000[0;39m [32m INFO[0;39m [35m13564[0;39m [2m---[0;39m [2m[io-9999-exec-10][0;39m [36mc.s.vue.controller.HouseMapController   [0;39m [2m:[0;39m sido - í˜¸ì¶œ
[2m2021-11-24 18:54:42.570[0;39m [32m INFO[0;39m [35m13564[0;39m [2m---[0;39m [2m[nio-9999-exec-2][0;39m [36mc.s.vue.controller.HouseMapController   [0;39m [2m:[0;39m sido - í˜¸ì¶œ
[2m2021-11-24 19:44:45.158[0;39m [32m INFO[0;39m [35m13564[0;39m [2m---[0;39m [2m[nio-9999-exec-5][0;39m [36mc.s.vue.controller.HouseMapController   [0;39m [2m:[0;39m sido - í˜¸ì¶œ
[2m2021-11-24 19:44:47.170[0;39m [32m INFO[0;39m [35m13564[0;39m [2m---[0;39m [2m[nio-9999-exec-4][0;39m [36mc.s.vue.controller.HouseMapController   [0;39m [2m:[0;39m gugun - í˜¸ì¶œ
[2m2021-11-24 19:55:13.662[0;39m [32m INFO[0;39m [35m13564[0;39m [2m---[0;39m [2m[nio-9999-exec-7][0;39m [36mc.s.vue.controller.HouseMapController   [0;39m [2m:[0;39m sido - í˜¸ì¶œ
[2m2021-11-24 19:55:18.049[0;39m [32m INFO[0;39m [35m13564[0;39m [2m---[0;39m [2m[nio-9999-exec-8][0;39m [36mc.s.vue.controller.HouseMapController   [0;39m [2m:[0;39m sido - í˜¸ì¶œ
[2m2021-11-24 19:56:26.845[0;39m [32m INFO[0;39m [35m13564[0;39m [2m---[0;39m [2m[io-9999-exec-10][0;39m [36mc.s.vue.controller.HouseMapController   [0;39m [2m:[0;39m sido - í˜¸ì¶œ
[2m2021-11-24 19:56:42.829[0;39m [32m INFO[0;39m [35m13564[0;39m [2m---[0;39m [2m[nio-9999-exec-1][0;39m [36mc.s.vue.controller.HouseMapController   [0;39m [2m:[0;39m sido - í˜¸ì¶œ
[2m2021-11-24 19:57:15.916[0;39m [32m INFO[0;39m [35m13564[0;39m [2m---[0;39m [2m[nio-9999-exec-2][0;39m [36mc.s.vue.controller.HouseMapController   [0;39m [2m:[0;39m sido - í˜¸ì¶œ
[2m2021-11-24 20:02:22.464[0;39m [32m INFO[0;39m [35m13564[0;39m [2m---[0;39m [2m[nio-9999-exec-5][0;39m [36mc.s.vue.controller.HouseMapController   [0;39m [2m:[0;39m sido - í˜¸ì¶œ
[2m2021-11-24 20:02:44.938[0;39m [32m INFO[0;39m [35m13564[0;39m [2m---[0;39m [2m[nio-9999-exec-4][0;39m [36mc.s.vue.controller.HouseMapController   [0;39m [2m:[0;39m sido - í˜¸ì¶œ
[2m2021-11-24 20:04:41.982[0;39m [32m INFO[0;39m [35m13564[0;39m [2m---[0;39m [2m[nio-9999-exec-7][0;39m [36mc.s.vue.controller.HouseMapController   [0;39m [2m:[0;39m sido - í˜¸ì¶œ
[2m2021-11-24 20:07:29.586[0;39m [32m INFO[0;39m [35m13564[0;39m [2m---[0;39m [2m[nio-9999-exec-9][0;39m [36mc.s.vue.controller.HouseMapController   [0;39m [2m:[0;39m sido - í˜¸ì¶œ
[2m2021-11-24 20:08:03.101[0;39m [32m INFO[0;39m [35m13564[0;39m [2m---[0;39m [2m[io-9999-exec-10][0;39m [36mc.s.vue.controller.HouseMapController   [0;39m [2m:[0;39m sido - í˜¸ì¶œ
[2m2021-11-24 20:08:36.312[0;39m [32m INFO[0;39m [35m13564[0;39m [2m---[0;39m [2m[nio-9999-exec-1][0;39m [36mc.s.vue.controller.HouseMapController   [0;39m [2m:[0;39m sido - í˜¸ì¶œ
[2m2021-11-24 20:09:05.546[0;39m [32m INFO[0;39m [35m13564[0;39m [2m---[0;39m [2m[nio-9999-exec-2][0;39m [36mc.s.vue.controller.HouseMapController   [0;39m [2m:[0;39m sido - í˜¸ì¶œ
[2m2021-11-24 20:09:39.202[0;39m [32m INFO[0;39m [35m13564[0;39m [2m---[0;39m [2m[nio-9999-exec-3][0;39m [36mc.s.vue.controller.HouseMapController   [0;39m [2m:[0;39m sido - í˜¸ì¶œ
[2m2021-11-24 20:09:52.561[0;39m [32m INFO[0;39m [35m13564[0;39m [2m---[0;39m [2m[nio-9999-exec-5][0;39m [36mc.s.vue.controller.HouseMapController   [0;39m [2m:[0;39m sido - í˜¸ì¶œ
[2m2021-11-24 20:10:51.964[0;39m [32m INFO[0;39m [35m13564[0;39m [2m---[0;39m [2m[nio-9999-exec-4][0;39m [36mc.s.vue.controller.HouseMapController   [0;39m [2m:[0;39m sido - í˜¸ì¶œ
[2m2021-11-24 20:10:54.900[0;39m [32m INFO[0;39m [35m13564[0;39m [2m---[0;39m [2m[nio-9999-exec-6][0;39m [36mc.s.vue.controller.HouseMapController   [0;39m [2m:[0;39m gugun - í˜¸ì¶œ
[2m2021-11-24 20:13:28.123[0;39m [32m INFO[0;39m [35m13564[0;39m [2m---[0;39m [2m[nio-9999-exec-8][0;39m [36mc.s.vue.controller.HouseMapController   [0;39m [2m:[0;39m sido - í˜¸ì¶œ
[2m2021-11-24 21:11:14.225[0;39m [32mDEBUG[0;39m [35m13564[0;39m [2m---[0;39m [2m[nio-9999-exec-1][0;39m [36mc.ssafy.vue.controller.MemberController [0;39m [2m:[0;39m ë¡œê·¸ì¸ í† í°ì •ë³´ : eyJ0eXAiOiJKV1QiLCJyZWdEYXRlIjoxNjM3NzU1ODc0MTkyLCJhbGciOiJIUzI1NiJ9.eyJleHAiOjE2Mzc3NTk0NzQsInN1YiI6ImFjY2Vzcy10b2tlbiIsInVzZXJpZCI6ImFkbWluIn0.eUxwSjSv49Ql2vBHlet9ErzGuJx4R8Op20pHzbxsloU
[2m2021-11-24 21:11:14.312[0;39m [32m INFO[0;39m [35m13564[0;39m [2m---[0;39m [2m[nio-9999-exec-3][0;39m [36mc.ssafy.vue.controller.MemberController [0;39m [2m:[0;39m ì‚¬ìš© ê°€ëŠ¥í•œ í† í°!!!
[2m2021-11-24 21:11:18.979[0;39m [32m INFO[0;39m [35m13564[0;39m [2m---[0;39m [2m[nio-9999-exec-5][0;39m [36mc.ssafy.vue.controller.BoardController  [0;39m [2m:[0;39m listArticle - í˜¸ì¶œ
[2m2021-11-24 21:11:18.980[0;39m [32m INFO[0;39m [35m13564[0;39m [2m---[0;39m [2m[nio-9999-exec-4][0;39m [36mc.ssafy.vue.controller.BoardController  [0;39m [2m:[0;39m deleteArticle - í˜¸ì¶œ
[2m2021-11-24 21:11:22.143[0;39m [32mDEBUG[0;39m [35m13564[0;39m [2m---[0;39m [2m[nio-9999-exec-7][0;39m [36mc.ssafy.vue.controller.MemberController [0;39m [2m:[0;39m ë¡œê·¸ì¸ í† í°ì •ë³´ : eyJ0eXAiOiJKV1QiLCJyZWdEYXRlIjoxNjM3NzU1ODgyMTQzLCJhbGciOiJIUzI1NiJ9.eyJleHAiOjE2Mzc3NTk0ODIsInN1YiI6ImFjY2Vzcy10b2tlbiIsInVzZXJpZCI6ImFkbWluIn0.vE5FwUrFaXV3E-uoias-f2HLssDas4f-5I7uRFj6nSg
[2m2021-11-24 21:11:22.174[0;39m [32m INFO[0;39m [35m13564[0;39m [2m---[0;39m [2m[nio-9999-exec-8][0;39m [36mc.ssafy.vue.controller.MemberController [0;39m [2m:[0;39m ì‚¬ìš© ê°€ëŠ¥í•œ í† í°!!!
[2m2021-11-24 21:11:25.326[0;39m [32m INFO[0;39m [35m13564[0;39m [2m---[0;39m [2m[nio-9999-exec-9][0;39m [36mc.ssafy.vue.controller.MemberController [0;39m [2m:[0;39m listMember - í˜¸ì¶œ
[2m2021-11-24 21:11:25.719[0;39m [32m INFO[0;39m [35m13564[0;39m [2m---[0;39m [2m[io-9999-exec-10][0;39m [36mc.ssafy.vue.controller.BoardController  [0;39m [2m:[0;39m listArticle - í˜¸ì¶œ
[2m2021-11-24 21:11:25.719[0;39m [32m INFO[0;39m [35m13564[0;39m [2m---[0;39m [2m[nio-9999-exec-1][0;39m [36mc.ssafy.vue.controller.BoardController  [0;39m [2m:[0;39m deleteArticle - í˜¸ì¶œ
[2m2021-11-24 21:11:30.745[0;39m [32m INFO[0;39m [35m13564[0;39m [2m---[0;39m [2m[nio-9999-exec-2][0;39m [36mc.s.vue.controller.HouseMapController   [0;39m [2m:[0;39m sido - í˜¸ì¶œ
[2m2021-11-24 21:39:07.984[0;39m [32m INFO[0;39m [35m13564[0;39m [2m---[0;39m [2m[nio-9999-exec-4][0;39m [36mc.s.vue.controller.HouseMapController   [0;39m [2m:[0;39m sido - í˜¸ì¶œ
[2m2021-11-24 21:46:20.510[0;39m [32m INFO[0;39m [35m13564[0;39m [2m---[0;39m [2m[nio-9999-exec-7][0;39m [36mc.s.vue.controller.HouseMapController   [0;39m [2m:[0;39m sido - í˜¸ì¶œ
[2m2021-11-24 21:47:41.950[0;39m [32m INFO[0;39m [35m13564[0;39m [2m---[0;39m [2m[nio-9999-exec-9][0;39m [36mc.s.vue.controller.HouseMapController   [0;39m [2m:[0;39m gugun - í˜¸ì¶œ
[2m2021-11-24 21:54:11.947[0;39m [32m INFO[0;39m [35m13564[0;39m [2m---[0;39m [2m[io-9999-exec-10][0;39m [36mc.s.vue.controller.HouseMapController   [0;39m [2m:[0;39m sido - í˜¸ì¶œ
[2m2021-11-24 22:14:53.182[0;39m [32m INFO[0;39m [35m13564[0;39m [2m---[0;39m [2m[nio-9999-exec-3][0;39m [36mc.s.vue.controller.HouseMapController   [0;39m [2m:[0;39m sido - í˜¸ì¶œ
[2m2021-11-24 22:21:12.499[0;39m [32m INFO[0;39m [35m13564[0;39m [2m---[0;39m [2m[nio-9999-exec-4][0;39m [36mc.s.vue.controller.HouseMapController   [0;39m [2m:[0;39m sido - í˜¸ì¶œ
[2m2021-11-24 22:24:24.556[0;39m [32m INFO[0;39m [35m13564[0;39m [2m---[0;39m [2m[nio-9999-exec-7][0;39m [36mc.s.vue.controller.HouseMapController   [0;39m [2m:[0;39m sido - í˜¸ì¶œ
[2m2021-11-24 22:28:17.649[0;39m [32m INFO[0;39m [35m13564[0;39m [2m---[0;39m [2m[nio-9999-exec-9][0;39m [36mc.s.vue.controller.HouseMapController   [0;39m [2m:[0;39m sido - í˜¸ì¶œ
[2m2021-11-24 22:28:53.161[0;39m [32m INFO[0;39m [35m13564[0;39m [2m---[0;39m [2m[nio-9999-exec-1][0;39m [36mc.s.vue.controller.HouseMapController   [0;39m [2m:[0;39m sido - í˜¸ì¶œ
[2m2021-11-24 22:30:16.878[0;39m [32m INFO[0;39m [35m13564[0;39m [2m---[0;39m [2m[nio-9999-exec-2][0;39m [36mc.s.vue.controller.HouseMapController   [0;39m [2m:[0;39m sido - í˜¸ì¶œ
[2m2021-11-24 22:40:37.439[0;39m [32m INFO[0;39m [35m13564[0;39m [2m---[0;39m [2m[nio-9999-exec-5][0;39m [36mc.s.vue.controller.HouseMapController   [0;39m [2m:[0;39m sido - í˜¸ì¶œ
[2m2021-11-24 22:42:57.905[0;39m [32m INFO[0;39m [35m13564[0;39m [2m---[0;39m [2m[nio-9999-exec-6][0;39m [36mc.s.vue.controller.HouseMapController   [0;39m [2m:[0;39m sido - í˜¸ì¶œ
[2m2021-11-24 22:50:02.668[0;39m [32m INFO[0;39m [35m13564[0;39m [2m---[0;39m [2m[nio-9999-exec-8][0;39m [36mc.s.vue.controller.HouseMapController   [0;39m [2m:[0;39m sido - í˜¸ì¶œ
[2m2021-11-24 22:50:39.774[0;39m [32m INFO[0;39m [35m13564[0;39m [2m---[0;39m [2m[nio-9999-exec-9][0;39m [36mc.s.vue.controller.HouseMapController   [0;39m [2m:[0;39m sido - í˜¸ì¶œ
[2m2021-11-24 22:51:46.575[0;39m [32m INFO[0;39m [35m13564[0;39m [2m---[0;39m [2m[io-9999-exec-10][0;39m [36mc.s.vue.controller.HouseMapController   [0;39m [2m:[0;39m sido - í˜¸ì¶œ
[2m2021-11-24 22:51:55.284[0;39m [32m INFO[0;39m [35m13564[0;39m [2m---[0;39m [2m[nio-9999-exec-2][0;39m [36mc.s.vue.controller.HouseMapController   [0;39m [2m:[0;39m sido - í˜¸ì¶œ
[2m2021-11-24 22:51:56.772[0;39m [32m INFO[0;39m [35m13564[0;39m [2m---[0;39m [2m[nio-9999-exec-3][0;39m [36mc.s.vue.controller.HouseMapController   [0;39m [2m:[0;39m gugun - í˜¸ì¶œ
[2m2021-11-24 23:12:07.393[0;39m [32m INFO[0;39m [35m13564[0;39m [2m---[0;39m [2m[nio-9999-exec-4][0;39m [36mc.s.vue.controller.HouseMapController   [0;39m [2m:[0;39m sido - í˜¸ì¶œ
[2m2021-11-24 23:23:19.007[0;39m [32m INFO[0;39m [35m13564[0;39m [2m---[0;39m [2m[nio-9999-exec-7][0;39m [36mc.s.vue.controller.HouseMapController   [0;39m [2m:[0;39m sido - í˜¸ì¶œ
